This is pdfTeX, Version 3.1415926-2.4-1.40.13 (TeX Live 2012/Debian) (format=pdflatex 2013.11.27)  4 MAY 2014 15:18
entering extended mode
 restricted \write18 enabled.
 %&-line parsing enabled.
**\input rapport.tex
(./rapport.tex (/usr/share/texlive/texmf-dist/tex/latex/base/article.cls
Document Class: article 2007/10/19 v1.4h Standard LaTeX document class
(/usr/share/texlive/texmf-dist/tex/latex/base/size12.clo
File: size12.clo 2007/10/19 v1.4h Standard LaTeX file (size option)
)
\c@part=\count79
\c@section=\count80
\c@subsection=\count81
\c@subsubsection=\count82
\c@paragraph=\count83
\c@subparagraph=\count84
\c@figure=\count85
\c@table=\count86
\abovecaptionskip=\skip41
\belowcaptionskip=\skip42
\bibindent=\dimen102
)
(/usr/share/texlive/texmf-dist/tex/generic/babel/babel.sty
Package: babel 2008/07/08 v3.8m The Babel package

(/usr/share/texlive/texmf-dist/tex/generic/babel/frenchb.ldf
Language: frenchb 2010/08/21 v2.5a French support from the babel system

(/usr/share/texlive/texmf-dist/tex/generic/babel/babel.def
File: babel.def 2008/07/08 v3.8m Babel common definitions
\babel@savecnt=\count87
\U@D=\dimen103
)

Package babel Warning: No hyphenation patterns were loaded for
(babel)                the language `French'
(babel)                I will use the patterns loaded for \language=0 instead.

\l@french = a dialect from \language0
Package babel Info: Making : an active character on input line 234.
Package babel Info: Making ; an active character on input line 235.
Package babel Info: Making ! an active character on input line 236.
Package babel Info: Making ? an active character on input line 237.
\FB@Mht=\dimen104
\std@mcc=\count88
\dec@mcc=\count89
\parindentFFN=\dimen105
*************************************
* Local config file frenchb.cfg used
*
(/usr/share/texlive/texmf-dist/tex/generic/babel/frenchb.cfg))
(/usr/share/texlive/texmf-dist/tex/generic/babel/english.ldf
Language: english 2005/03/30 v3.3o English support from the babel system
\l@british = a dialect from \language\l@english 
\l@UKenglish = a dialect from \language\l@english 
\l@canadian = a dialect from \language\l@american 
\l@australian = a dialect from \language\l@british 
\l@newzealand = a dialect from \language\l@british 
))
(/usr/share/texlive/texmf-dist/tex/latex/carlisle/scalefnt.sty)
(/usr/share/texlive/texmf-dist/tex/latex/graphics/keyval.sty
Package: keyval 1999/03/16 v1.13 key=value parser (DPC)
\KV@toks@=\toks14
)
(/usr/share/texlive/texmf-dist/tex/latex/fancyhdr/fancyhdr.sty
\fancy@headwidth=\skip43
\f@ncyO@elh=\skip44
\f@ncyO@erh=\skip45
\f@ncyO@olh=\skip46
\f@ncyO@orh=\skip47
\f@ncyO@elf=\skip48
\f@ncyO@erf=\skip49
\f@ncyO@olf=\skip50
\f@ncyO@orf=\skip51
)
(/usr/share/texlive/texmf-dist/tex/latex/base/inputenc.sty
Package: inputenc 2008/03/30 v1.1d Input encoding file
\inpenc@prehook=\toks15
\inpenc@posthook=\toks16

(/usr/share/texlive/texmf-dist/tex/latex/base/latin1.def
File: latin1.def 2008/03/30 v1.1d Input encoding file
))
(/usr/share/texlive/texmf-dist/tex/latex/graphics/epsfig.sty
Package: epsfig 1999/02/16 v1.7a (e)psfig emulation (SPQR)

(/usr/share/texlive/texmf-dist/tex/latex/graphics/graphicx.sty
Package: graphicx 1999/02/16 v1.0f Enhanced LaTeX Graphics (DPC,SPQR)

(/usr/share/texlive/texmf-dist/tex/latex/graphics/graphics.sty
Package: graphics 2009/02/05 v1.0o Standard LaTeX Graphics (DPC,SPQR)

(/usr/share/texlive/texmf-dist/tex/latex/graphics/trig.sty
Package: trig 1999/03/16 v1.09 sin cos tan (DPC)
)
(/usr/share/texlive/texmf-dist/tex/latex/latexconfig/graphics.cfg
File: graphics.cfg 2010/04/23 v1.9 graphics configuration of TeX Live
)
Package graphics Info: Driver file: pdftex.def on input line 91.

(/usr/share/texlive/texmf-dist/tex/latex/pdftex-def/pdftex.def
File: pdftex.def 2011/05/27 v0.06d Graphics/color for pdfTeX

(/usr/share/texlive/texmf-dist/tex/generic/oberdiek/infwarerr.sty
Package: infwarerr 2010/04/08 v1.3 Providing info/warning/error messages (HO)
)
(/usr/share/texlive/texmf-dist/tex/generic/oberdiek/ltxcmds.sty
Package: ltxcmds 2011/11/09 v1.22 LaTeX kernel commands for general use (HO)
)
\Gread@gobject=\count90
))
\Gin@req@height=\dimen106
\Gin@req@width=\dimen107
)
\epsfxsize=\dimen108
\epsfysize=\dimen109
)
(/usr/share/texlive/texmf-dist/tex/latex/tools/calc.sty
Package: calc 2007/08/22 v4.3 Infix arithmetic (KKT,FJ)
\calc@Acount=\count91
\calc@Bcount=\count92
\calc@Adimen=\dimen110
\calc@Bdimen=\dimen111
\calc@Askip=\skip52
\calc@Bskip=\skip53
LaTeX Info: Redefining \setlength on input line 76.
LaTeX Info: Redefining \addtolength on input line 77.
\calc@Ccount=\count93
\calc@Cskip=\skip54
)
(/usr/share/texlive/texmf-dist/tex/latex/url/url.sty
\Urlmuskip=\muskip10
Package: url 2006/04/12  ver 3.3  Verb mode for urls, etc.
)
(/usr/share/texlive/texmf-dist/tex/latex/boxedminipage/boxedminipage.sty)
(./formatanddefs.tex
(/usr/share/texlive/texmf-dist/tex/latex/amsmath/amsmath.sty
Package: amsmath 2000/07/18 v2.13 AMS math features
\@mathmargin=\skip55

For additional information on amsmath, use the `?' option.
(/usr/share/texlive/texmf-dist/tex/latex/amsmath/amstext.sty
Package: amstext 2000/06/29 v2.01

(/usr/share/texlive/texmf-dist/tex/latex/amsmath/amsgen.sty
File: amsgen.sty 1999/11/30 v2.0
\@emptytoks=\toks17
\ex@=\dimen112
))
(/usr/share/texlive/texmf-dist/tex/latex/amsmath/amsbsy.sty
Package: amsbsy 1999/11/29 v1.2d
\pmbraise@=\dimen113
)
(/usr/share/texlive/texmf-dist/tex/latex/amsmath/amsopn.sty
Package: amsopn 1999/12/14 v2.01 operator names
)
\inf@bad=\count94
LaTeX Info: Redefining \frac on input line 211.
\uproot@=\count95
\leftroot@=\count96
LaTeX Info: Redefining \overline on input line 307.
\classnum@=\count97
\DOTSCASE@=\count98
LaTeX Info: Redefining \ldots on input line 379.
LaTeX Info: Redefining \dots on input line 382.
LaTeX Info: Redefining \cdots on input line 467.
\Mathstrutbox@=\box26
\strutbox@=\box27
\big@size=\dimen114
LaTeX Font Info:    Redeclaring font encoding OML on input line 567.
LaTeX Font Info:    Redeclaring font encoding OMS on input line 568.
\macc@depth=\count99
\c@MaxMatrixCols=\count100
\dotsspace@=\muskip11
\c@parentequation=\count101
\dspbrk@lvl=\count102
\tag@help=\toks18
\row@=\count103
\column@=\count104
\maxfields@=\count105
\andhelp@=\toks19
\eqnshift@=\dimen115
\alignsep@=\dimen116
\tagshift@=\dimen117
\tagwidth@=\dimen118
\totwidth@=\dimen119
\lineht@=\dimen120
\@envbody=\toks20
\multlinegap=\skip56
\multlinetaggap=\skip57
\mathdisplay@stack=\toks21
LaTeX Info: Redefining \[ on input line 2666.
LaTeX Info: Redefining \] on input line 2667.
)
(/usr/share/texlive/texmf-dist/tex/latex/amsfonts/amssymb.sty
Package: amssymb 2009/06/22 v3.00

(/usr/share/texlive/texmf-dist/tex/latex/amsfonts/amsfonts.sty
Package: amsfonts 2009/06/22 v3.00 Basic AMSFonts support
\symAMSa=\mathgroup4
\symAMSb=\mathgroup5
LaTeX Font Info:    Overwriting math alphabet `\mathfrak' in version `bold'
(Font)                  U/euf/m/n --> U/euf/b/n on input line 96.
))
(/usr/share/texlive/texmf-dist/tex/latex/oberdiek/epstopdf.sty
Package: epstopdf 2010/02/09 v2.5 Conversion with epstopdf on the fly (HO)

(/usr/share/texlive/texmf-dist/tex/latex/oberdiek/epstopdf-base.sty
Package: epstopdf-base 2010/02/09 v2.5 Base part for package epstopdf

(/usr/share/texlive/texmf-dist/tex/latex/oberdiek/grfext.sty
Package: grfext 2010/08/19 v1.1 Manage graphics extensions (HO)

(/usr/share/texlive/texmf-dist/tex/generic/oberdiek/kvdefinekeys.sty
Package: kvdefinekeys 2011/04/07 v1.3 Define keys (HO)
))
(/usr/share/texlive/texmf-dist/tex/latex/oberdiek/kvoptions.sty
Package: kvoptions 2011/06/30 v3.11 Key value format for package options (HO)

(/usr/share/texlive/texmf-dist/tex/generic/oberdiek/kvsetkeys.sty
Package: kvsetkeys 2012/04/25 v1.16 Key value parser (HO)

(/usr/share/texlive/texmf-dist/tex/generic/oberdiek/etexcmds.sty
Package: etexcmds 2011/02/16 v1.5 Avoid name clashes with e-TeX commands (HO)

(/usr/share/texlive/texmf-dist/tex/generic/oberdiek/ifluatex.sty
Package: ifluatex 2010/03/01 v1.3 Provides the ifluatex switch (HO)
Package ifluatex Info: LuaTeX not detected.
)
Package etexcmds Info: Could not find \expanded.
(etexcmds)             That can mean that you are not using pdfTeX 1.50 or
(etexcmds)             that some package has redefined \expanded.
(etexcmds)             In the latter case, load this package earlier.
)))
(/usr/share/texlive/texmf-dist/tex/generic/oberdiek/pdftexcmds.sty
Package: pdftexcmds 2011/11/29 v0.20 Utility functions of pdfTeX for LuaTeX (HO
)

(/usr/share/texlive/texmf-dist/tex/generic/oberdiek/ifpdf.sty
Package: ifpdf 2011/01/30 v2.3 Provides the ifpdf switch (HO)
Package ifpdf Info: pdfTeX in PDF mode is detected.
)
Package pdftexcmds Info: LuaTeX not detected.
Package pdftexcmds Info: \pdf@primitive is available.
Package pdftexcmds Info: \pdf@ifprimitive is available.
Package pdftexcmds Info: \pdfdraftmode found.
)
Package grfext Info: Graphics extension search list:
(grfext)             [.png,.pdf,.jpg,.mps,.jpeg,.jbig2,.jb2,.PNG,.PDF,.JPG,.JPE
G,.JBIG2,.JB2,.eps]
(grfext)             \AppendGraphicsExtensions on input line 452.

(/usr/share/texlive/texmf-dist/tex/latex/latexconfig/epstopdf-sys.cfg
File: epstopdf-sys.cfg 2010/07/13 v1.3 Configuration of (r)epstopdf for TeX Liv
e
)))
(/usr/share/texlive/texmf-dist/tex/latex/tools/enumerate.sty
Package: enumerate 1999/03/05 v3.00 enumerate extensions (DPC)
\@enLab=\toks22
)
(/usr/share/texlive/texmf-dist/tex/latex/cite/cite.sty
LaTeX Info: Redefining \cite on input line 302.
LaTeX Info: Redefining \nocite on input line 373.
Package: cite 2010/09/10  v 5.3
)
(/usr/share/texlive/texmf-dist/tex/latex/hyperref/hyperref.sty
Package: hyperref 2012/05/13 v6.82q Hypertext links for LaTeX

(/usr/share/texlive/texmf-dist/tex/generic/oberdiek/hobsub-hyperref.sty
Package: hobsub-hyperref 2012/05/28 v1.13 Bundle oberdiek, subset hyperref (HO)


(/usr/share/texlive/texmf-dist/tex/generic/oberdiek/hobsub-generic.sty
Package: hobsub-generic 2012/05/28 v1.13 Bundle oberdiek, subset generic (HO)
Package: hobsub 2012/05/28 v1.13 Construct package bundles (HO)
Package hobsub Info: Skipping package `infwarerr' (already loaded).
Package hobsub Info: Skipping package `ltxcmds' (already loaded).
Package hobsub Info: Skipping package `ifluatex' (already loaded).
Package: ifvtex 2010/03/01 v1.5 Detect VTeX and its facilities (HO)
Package ifvtex Info: VTeX not detected.
Package: intcalc 2007/09/27 v1.1 Expandable calculations with integers (HO)
Package hobsub Info: Skipping package `ifpdf' (already loaded).
Package hobsub Info: Skipping package `etexcmds' (already loaded).
Package hobsub Info: Skipping package `kvsetkeys' (already loaded).
Package hobsub Info: Skipping package `kvdefinekeys' (already loaded).
Package hobsub Info: Skipping package `pdftexcmds' (already loaded).
Package: pdfescape 2011/11/25 v1.13 Implements pdfTeX's escape features (HO)
Package: bigintcalc 2012/04/08 v1.3 Expandable calculations on big integers (HO
)
Package: bitset 2011/01/30 v1.1 Handle bit-vector datatype (HO)
Package: uniquecounter 2011/01/30 v1.2 Provide unlimited unique counter (HO)
)
Package hobsub Info: Skipping package `hobsub' (already loaded).
Package: letltxmacro 2010/09/02 v1.4 Let assignment for LaTeX macros (HO)
Package: hopatch 2012/05/28 v1.2 Wrapper for package hooks (HO)
Package: xcolor-patch 2011/01/30 xcolor patch
Package: atveryend 2011/06/30 v1.8 Hooks at the very end of document (HO)
Package atveryend Info: \enddocument detected (standard20110627).
Package: atbegshi 2011/10/05 v1.16 At begin shipout hook (HO)
Package: refcount 2011/10/16 v3.4 Data extraction from label references (HO)
Package: hycolor 2011/01/30 v1.7 Color options for hyperref/bookmark (HO)
)
(/usr/share/texlive/texmf-dist/tex/generic/ifxetex/ifxetex.sty
Package: ifxetex 2010/09/12 v0.6 Provides ifxetex conditional
)
\@linkdim=\dimen121
\Hy@linkcounter=\count106
\Hy@pagecounter=\count107

(/usr/share/texlive/texmf-dist/tex/latex/hyperref/pd1enc.def
File: pd1enc.def 2012/05/13 v6.82q Hyperref: PDFDocEncoding definition (HO)
)
\Hy@SavedSpaceFactor=\count108

(/usr/share/texlive/texmf-dist/tex/latex/latexconfig/hyperref.cfg
File: hyperref.cfg 2002/06/06 v1.2 hyperref configuration of TeXLive
)

Package hyperref Warning: Option `a4paper' is no longer used.

Package hyperref Info: Option `hyperindex' set `true' on input line 3941.
Package hyperref Info: Hyper figures OFF on input line 4062.
Package hyperref Info: Link nesting OFF on input line 4067.
Package hyperref Info: Hyper index ON on input line 4070.
Package hyperref Info: Plain pages OFF on input line 4077.
Package hyperref Info: Backreferencing ON on input line 4080.
Package hyperref Info: Implicit mode ON; LaTeX internals redefined.
Package hyperref Info: Bookmarks ON on input line 4300.
(/usr/share/texlive/texmf-dist/tex/latex/hyperref/backref.sty
Package: backref 2010/08/30 v1.36 Bibliographical back referencing

(/usr/share/texlive/texmf-dist/tex/latex/oberdiek/rerunfilecheck.sty
Package: rerunfilecheck 2011/04/15 v1.7 Rerun checks for auxiliary files (HO)
Package uniquecounter Info: New unique counter `rerunfilecheck' on input line 2
82.
))
\c@Hy@tempcnt=\count109
LaTeX Info: Redefining \url on input line 4653.
\Fld@menulength=\count110
\Field@Width=\dimen122
\Fld@charsize=\dimen123
Package hyperref Info: Hyper figures OFF on input line 5773.
Package hyperref Info: Link nesting OFF on input line 5778.
Package hyperref Info: Hyper index ON on input line 5781.
Package hyperref Info: backreferencing ON on input line 5786.
Package hyperref Info: Link coloring OFF on input line 5793.
Package hyperref Info: Link coloring with OCG OFF on input line 5798.
Package hyperref Info: PDF/A mode OFF on input line 5803.
LaTeX Info: Redefining \ref on input line 5843.
LaTeX Info: Redefining \pageref on input line 5847.
\Hy@abspage=\count111
\c@Item=\count112
\c@Hfootnote=\count113
)

Package hyperref Message: Driver (autodetected): hpdftex.

(/usr/share/texlive/texmf-dist/tex/latex/hyperref/hpdftex.def
File: hpdftex.def 2012/05/13 v6.82q Hyperref driver for pdfTeX
\Fld@listcount=\count114
\c@bookmark@seq@number=\count115
\Hy@SectionHShift=\skip58
)
(/usr/share/texlive/texmf-dist/tex/latex/float/float.sty
Package: float 2001/11/08 v1.3d Float enhancements (AL)
\c@float@type=\count116
\float@exts=\toks23
\float@box=\box28
\@float@everytoks=\toks24
\@floatcapt=\box29
)
(/usr/share/texlive/texmf-dist/tex/latex/bigfoot/perpage.sty
Package: perpage 2006/07/15 1.12 Reset/sort counters per page
\c@abspage=\count117
)
\c@pp@a@footnote=\count118

(/usr/share/texlive/texmf-dist/tex/latex/csquotes/csquotes.sty
Package: csquotes 2011/10/22 v5.1d context-sensitive quotations

(/usr/share/texlive/texmf-dist/tex/latex/etoolbox/etoolbox.sty
Package: etoolbox 2011/01/03 v2.1 e-TeX tools for LaTeX

(/usr/share/texlive/texmf-dist/tex/latex/etex-pkg/etex.sty
Package: etex 1998/03/26 v2.0 eTeX basic definition package (PEB)
\et@xins=\count119
)
\etb@tempcnta=\count120
)
\csq@reset=\count121
\csq@gtype=\count122
\csq@glevel=\count123
\csq@qlevel=\count124
\csq@maxlvl=\count125
\csq@tshold=\count126
\csq@ltx@everypar=\toks25

(/usr/share/texlive/texmf-dist/tex/latex/csquotes/csquotes.def
File: csquotes.def 2011/10/22 v5.1d csquotes generic definitions
)
Package csquotes Info: Trying to load configuration file 'csquotes.cfg'...
Package csquotes Info: ... configuration file loaded successfully.

(/usr/share/texlive/texmf-dist/tex/latex/csquotes/csquotes.cfg
File: csquotes.cfg 
)
Package csquotes Info: Option 'babel' depreciated.
(csquotes)             Using 'autostyle'.
Package csquotes Info: Enabling multilingual quotes.
)
(/usr/share/texlive/texmf-dist/tex/latex/base/fontenc.sty
Package: fontenc 2005/09/27 v1.99g Standard LaTeX package

(/usr/share/texlive/texmf-dist/tex/latex/base/t1enc.def
File: t1enc.def 2005/09/27 v1.99g Standard LaTeX file
LaTeX Font Info:    Redeclaring font encoding T1 on input line 43.
))
(/usr/share/texlive/texmf-dist/tex/latex/tools/verbatim.sty
Package: verbatim 2003/08/22 v1.5q LaTeX2e package for verbatim enhancements
\every@verbatim=\toks26
\verbatim@line=\toks27
\verbatim@in@stream=\read1
)
(/usr/share/texlive/texmf-dist/tex/generic/ulem/ulem.sty
\UL@box=\box30
\UL@hyphenbox=\box31
\UL@skip=\skip59
\UL@hook=\toks28
\UL@height=\dimen124
\UL@pe=\count127
\UL@pixel=\dimen125
\ULC@box=\box32
Package: ulem 2012/05/18
\ULdepth=\dimen126
)
(/usr/share/texlive/texmf-dist/tex/latex/tools/xspace.sty
Package: xspace 2009/10/20 v1.13 Space after command names (DPC,MH)
)
(/usr/share/texlive/texmf-dist/tex/latex/graphics/color.sty
Package: color 2005/11/14 v1.0j Standard LaTeX Color (DPC)

(/usr/share/texlive/texmf-dist/tex/latex/latexconfig/color.cfg
File: color.cfg 2007/01/18 v1.5 color configuration of teTeX/TeXLive
)
Package color Info: Driver file: pdftex.def on input line 130.
)

Package hyperref Warning: Option `bookmarks' has already been used,
(hyperref)                setting the option has no effect on input line 79.

Package hyperref Info: Option `bookmarksnumbered' set `true' on input line 79.
Package hyperref Info: Option `pdfnewwindow' set `true' on input line 79.
Package hyperref Info: Option `pdfmenubar' set `true' on input line 79.
Package hyperref Info: Option `colorlinks' set `true' on input line 79.

Package hyperref Warning: Values of option `pdfpagemode':
(hyperref)                * `UseNone'
(hyperref)                * `UseOutlines'
(hyperref)                * `UseThumbs'
(hyperref)                * `FullScreen'
(hyperref)                * `UseOC' (PDF 1.5)
(hyperref)                * `UseAttachments' (PDF 1.6)
(hyperref)                * An empty value disables the option.
(hyperref)                Unknown value `None' on input line 79.

Package hyperref Info: Option `pdffitwindow' set `true' on input line 79.
)
Package csquotes Info: Checking for multilingual support...
Package csquotes Info: ... found 'babel' package.
 (./rapport.aux (./charges.aux) (./corps.aux

LaTeX Warning: Label `fig:gantt' multiply defined.


LaTeX Warning: Label `fig:gantt' multiply defined.


LaTeX Warning: Label `subsec:utilisation' multiply defined.


LaTeX Warning: Label `sec:etat-avancement' multiply defined.

) (./section/Annexe1.aux))
\openout1 = `rapport.aux'.

LaTeX Font Info:    Checking defaults for OML/cmm/m/it on input line 100.
LaTeX Font Info:    ... okay on input line 100.
LaTeX Font Info:    Checking defaults for T1/cmr/m/n on input line 100.
LaTeX Font Info:    ... okay on input line 100.
LaTeX Font Info:    Checking defaults for OT1/cmr/m/n on input line 100.
LaTeX Font Info:    ... okay on input line 100.
LaTeX Font Info:    Checking defaults for OMS/cmsy/m/n on input line 100.
LaTeX Font Info:    ... okay on input line 100.
LaTeX Font Info:    Checking defaults for OMX/cmex/m/n on input line 100.
LaTeX Font Info:    ... okay on input line 100.
LaTeX Font Info:    Checking defaults for U/cmr/m/n on input line 100.
LaTeX Font Info:    ... okay on input line 100.
LaTeX Font Info:    Checking defaults for PD1/pdf/m/n on input line 100.
LaTeX Font Info:    ... okay on input line 100.
LaTeX Info: Redefining \degres on input line 100.
LaTeX Info: Redefining \dots on input line 100.
LaTeX Info: Redefining \up on input line 100.

(/usr/share/texlive/texmf-dist/tex/context/base/supp-pdf.mkii
[Loading MPS to PDF converter (version 2006.09.02).]
\scratchcounter=\count128
\scratchdimen=\dimen127
\scratchbox=\box33
\nofMPsegments=\count129
\nofMParguments=\count130
\everyMPshowfont=\toks29
\MPscratchCnt=\count131
\MPscratchDim=\dimen128
\MPnumerator=\count132
\makeMPintoPDFobject=\count133
\everyMPtoPDFconversion=\toks30
)
\AtBeginShipoutBox=\box34
Package hyperref Info: Link coloring ON on input line 100.
 (/usr/share/texlive/texmf-dist/tex/latex/hyperref/nameref.sty
Package: nameref 2010/04/30 v2.40 Cross-referencing by name of section

(/usr/share/texlive/texmf-dist/tex/generic/oberdiek/gettitlestring.sty
Package: gettitlestring 2010/12/03 v1.4 Cleanup title references (HO)
)
\c@section@level=\count134
)
LaTeX Info: Redefining \ref on input line 100.
LaTeX Info: Redefining \pageref on input line 100.
LaTeX Info: Redefining \nameref on input line 100.

(./rapport.out) (./rapport.out)
\@outlinefile=\write3
\openout3 = `rapport.out'.

LaTeX Font Info:    Try loading font information for U+msa on input line 129.

(/usr/share/texlive/texmf-dist/tex/latex/amsfonts/umsa.fd
File: umsa.fd 2009/06/22 v3.00 AMS symbols A
)
LaTeX Font Info:    Try loading font information for U+msb on input line 129.

(/usr/share/texlive/texmf-dist/tex/latex/amsfonts/umsb.fd
File: umsb.fd 2009/06/22 v3.00 AMS symbols B
) (./rapport.toc

Package Fancyhdr Warning: \headheight is too small (56.9055pt): 
 Make it at least 70.65262pt.
 We now make it that large for the rest of the document.
 This may cause the page layout to be inconsistent, however.

Package epstopdf Info: Source file: <UPMC_sorbonne.eps>
(epstopdf)                    date: 2014-03-26 13:06:46
(epstopdf)                    size: 405180 bytes
(epstopdf)             Output file: <UPMC_sorbonne-eps-converted-to.pdf>
(epstopdf)                    date: 2014-03-26 13:06:46
(epstopdf)                    size: 16894 bytes
(epstopdf)             Command: <repstopdf --outfile=UPMC_sorbonne-eps-converte
d-to.pdf UPMC_sorbonne.eps>
(epstopdf)             \includegraphics on input line 22.
Package epstopdf Info: Output file is already uptodate.
<UPMC_sorbonne-eps-converted-to.pdf, id=219, 371.3875pt x 124.465pt>
File: UPMC_sorbonne-eps-converted-to.pdf Graphic file (type pdf)

<use UPMC_sorbonne-eps-converted-to.pdf>
Package pdftex.def Info: UPMC_sorbonne-eps-converted-to.pdf used on input line 
22.
(pdftex.def)             Requested size: 85.35826pt x 28.60545pt.
 [1{/var/lib/texmf/fonts/map/pdftex/updmap/pdftex.map}

 <./UPMC_sorbonne-eps-converted-to.pdf>])
\tf@toc=\write4
\openout4 = `rapport.toc'.



Package Fancyhdr Warning: \headheight is too small (56.9055pt): 
 Make it at least 70.65262pt.
 We now make it that large for the rest of the document.
 This may cause the page layout to be inconsistent, however.

Package epstopdf Info: Source file: <UPMC_sorbonne.eps>
(epstopdf)                    date: 2014-03-26 13:06:46
(epstopdf)                    size: 405180 bytes
(epstopdf)             Output file: <UPMC_sorbonne-eps-converted-to.pdf>
(epstopdf)                    date: 2014-03-26 13:06:46
(epstopdf)                    size: 16894 bytes
(epstopdf)             Command: <repstopdf --outfile=UPMC_sorbonne-eps-converte
d-to.pdf UPMC_sorbonne.eps>
(epstopdf)             \includegraphics on input line 143.
Package epstopdf Info: Output file is already uptodate.
File: UPMC_sorbonne-eps-converted-to.pdf Graphic file (type pdf)
<use UPMC_sorbonne-eps-converted-to.pdf>
Package pdftex.def Info: UPMC_sorbonne-eps-converted-to.pdf used on input line 
143.
(pdftex.def)             Requested size: 85.35826pt x 28.60545pt.
 [2]
\openout2 = `charges.aux'.

 (./charges.tex
LaTeX Font Info:    Try loading font information for OMS+cmr on input line 7.

(/usr/share/texlive/texmf-dist/tex/latex/base/omscmr.fd
File: omscmr.fd 1999/05/25 v2.5h Standard LaTeX font definitions
)
LaTeX Font Info:    Font shape `OMS/cmr/m/n' in size <12> not available
(Font)              Font shape `OMS/cmsy/m/n' tried instead on input line 7.
LaTeX Font Info:    Try loading font information for T1+cmtt on input line 31.

(/usr/share/texlive/texmf-dist/tex/latex/base/t1cmtt.fd
File: t1cmtt.fd 1999/05/25 v2.5h Standard LaTeX font definitions
))

Package Fancyhdr Warning: \headheight is too small (56.9055pt): 
 Make it at least 70.65262pt.
 We now make it that large for the rest of the document.
 This may cause the page layout to be inconsistent, however.

Package epstopdf Info: Source file: <UPMC_sorbonne.eps>
(epstopdf)                    date: 2014-03-26 13:06:46
(epstopdf)                    size: 405180 bytes
(epstopdf)             Output file: <UPMC_sorbonne-eps-converted-to.pdf>
(epstopdf)                    date: 2014-03-26 13:06:46
(epstopdf)                    size: 16894 bytes
(epstopdf)             Command: <repstopdf --outfile=UPMC_sorbonne-eps-converte
d-to.pdf UPMC_sorbonne.eps>
(epstopdf)             \includegraphics on input line 143.
Package epstopdf Info: Output file is already uptodate.
File: UPMC_sorbonne-eps-converted-to.pdf Graphic file (type pdf)
<use UPMC_sorbonne-eps-converted-to.pdf>
Package pdftex.def Info: UPMC_sorbonne-eps-converted-to.pdf used on input line 
143.
(pdftex.def)             Requested size: 85.35826pt x 28.60545pt.
 [3

]

Package Fancyhdr Warning: \headheight is too small (56.9055pt): 
 Make it at least 70.65262pt.
 We now make it that large for the rest of the document.
 This may cause the page layout to be inconsistent, however.

Package epstopdf Info: Source file: <UPMC_sorbonne.eps>
(epstopdf)                    date: 2014-03-26 13:06:46
(epstopdf)                    size: 405180 bytes
(epstopdf)             Output file: <UPMC_sorbonne-eps-converted-to.pdf>
(epstopdf)                    date: 2014-03-26 13:06:46
(epstopdf)                    size: 16894 bytes
(epstopdf)             Command: <repstopdf --outfile=UPMC_sorbonne-eps-converte
d-to.pdf UPMC_sorbonne.eps>
(epstopdf)             \includegraphics on input line 143.
Package epstopdf Info: Output file is already uptodate.
File: UPMC_sorbonne-eps-converted-to.pdf Graphic file (type pdf)
<use UPMC_sorbonne-eps-converted-to.pdf>
Package pdftex.def Info: UPMC_sorbonne-eps-converted-to.pdf used on input line 
143.
(pdftex.def)             Requested size: 85.35826pt x 28.60545pt.
 [4]
\openout2 = `corps.aux'.

 (./corps.tex
(./section/plandev.tex
<../gantt/KevinQuentin.png, id=296, 1469.49pt x 167.62625pt>
File: ../gantt/KevinQuentin.png Graphic file (type png)

<use ../gantt/KevinQuentin.png>
Package pdftex.def Info: ../gantt/KevinQuentin.png used on input line 28.
(pdftex.def)             Requested size: 546.2915pt x 62.31743pt.

Overfull \hbox (48.36829pt too wide) in paragraph at lines 28--29
 [] 
 []

(./section/gant/kevin_quentin.tex
Underfull \hbox (badness 10000) in paragraph at lines 1--4

 []


Underfull \hbox (badness 10000) in paragraph at lines 5--10

 []


Underfull \hbox (badness 10000) in paragraph at lines 11--15

 []

)
Overfull \hbox (54.98013pt too wide) in paragraph at lines 16--37
\T1/cmr/m/n/12 Avec l'aide de Matthieu Coudron, mod-i-fi-ca-tion dans $(SRC_NOY
AU)/net/mptcp/mptcp_output.c; 
 []


Underfull \hbox (badness 10000) in paragraph at lines 16--37

 []


Package Fancyhdr Warning: \headheight is too small (56.9055pt): 
 Make it at least 70.65262pt.
 We now make it that large for the rest of the document.
 This may cause the page layout to be inconsistent, however.

Package epstopdf Info: Source file: <UPMC_sorbonne.eps>
(epstopdf)                    date: 2014-03-26 13:06:46
(epstopdf)                    size: 405180 bytes
(epstopdf)             Output file: <UPMC_sorbonne-eps-converted-to.pdf>
(epstopdf)                    date: 2014-03-26 13:06:46
(epstopdf)                    size: 16894 bytes
(epstopdf)             Command: <repstopdf --outfile=UPMC_sorbonne-eps-converte
d-to.pdf UPMC_sorbonne.eps>
(epstopdf)             \includegraphics on input line 37.
Package epstopdf Info: Output file is already uptodate.
File: UPMC_sorbonne-eps-converted-to.pdf Graphic file (type pdf)
<use UPMC_sorbonne-eps-converted-to.pdf>
Package pdftex.def Info: UPMC_sorbonne-eps-converted-to.pdf used on input line 
37.
(pdftex.def)             Requested size: 85.35826pt x 28.60545pt.
 [5


pdfTeX warning (ext4): destination with the same identifier (name{figure.1}) ha
s been already used, duplicate ignored

\AtBegShi@Output ...ipout \box \AtBeginShipoutBox 
                                                  \fi \fi 
l.37 
      <../gantt/KevinQuentin.png (PNG copy)>]
<../gantt/romain.png, id=304, 1031.855pt x 312.16624pt>
File: ../gantt/romain.png Graphic file (type png)

<use ../gantt/romain.png>
Package pdftex.def Info: ../gantt/romain.png used on input line 43.
(pdftex.def)             Requested size: 546.2915pt x 165.27107pt.

Overfull \hbox (48.36829pt too wide) in paragraph at lines 43--44
 [] 
 []

<../gantt/Simon.png, id=305, 1268.74pt x 167.62625pt>
File: ../gantt/Simon.png Graphic file (type png)
 <use ../gantt/Simon.png>
Package pdftex.def Info: ../gantt/Simon.png used on input line 79.
(pdftex.def)             Requested size: 546.2915pt x 72.17763pt.

Overfull \hbox (48.36829pt too wide) in paragraph at lines 79--80
 [] 
 []

)
Overfull \hbox (6.78064pt too wide) in paragraph at lines 88--5
[][]
 []


Package Fancyhdr Warning: \headheight is too small (56.9055pt): 
 Make it at least 70.65262pt.
 We now make it that large for the rest of the document.
 This may cause the page layout to be inconsistent, however.

Package epstopdf Info: Source file: <UPMC_sorbonne.eps>
(epstopdf)                    date: 2014-03-26 13:06:46
(epstopdf)                    size: 405180 bytes
(epstopdf)             Output file: <UPMC_sorbonne-eps-converted-to.pdf>
(epstopdf)                    date: 2014-03-26 13:06:46
(epstopdf)                    size: 16894 bytes
(epstopdf)             Command: <repstopdf --outfile=UPMC_sorbonne-eps-converte
d-to.pdf UPMC_sorbonne.eps>
(epstopdf)             \includegraphics on input line 5.
Package epstopdf Info: Output file is already uptodate.
File: UPMC_sorbonne-eps-converted-to.pdf Graphic file (type pdf)
<use UPMC_sorbonne-eps-converted-to.pdf>
Package pdftex.def Info: UPMC_sorbonne-eps-converted-to.pdf used on input line 
5.
(pdftex.def)             Requested size: 85.35826pt x 28.60545pt.
 [6pdfTeX warning (ext4): destination with the same identifier (name{figure.2})
 has been already used, duplicate ignored

\AtBegShi@Output ...ipout \box \AtBeginShipoutBox 
                                                  \fi \fi 
l.5 
     <../gantt/romain.png (PNG copy)>]

Package Fancyhdr Warning: \headheight is too small (56.9055pt): 
 Make it at least 70.65262pt.
 We now make it that large for the rest of the document.
 This may cause the page layout to be inconsistent, however.

Package epstopdf Info: Source file: <UPMC_sorbonne.eps>
(epstopdf)                    date: 2014-03-26 13:06:46
(epstopdf)                    size: 405180 bytes
(epstopdf)             Output file: <UPMC_sorbonne-eps-converted-to.pdf>
(epstopdf)                    date: 2014-03-26 13:06:46
(epstopdf)                    size: 16894 bytes
(epstopdf)             Command: <repstopdf --outfile=UPMC_sorbonne-eps-converte
d-to.pdf UPMC_sorbonne.eps>
(epstopdf)             \includegraphics on input line 6.
Package epstopdf Info: Output file is already uptodate.
File: UPMC_sorbonne-eps-converted-to.pdf Graphic file (type pdf)
<use UPMC_sorbonne-eps-converted-to.pdf>
Package pdftex.def Info: UPMC_sorbonne-eps-converted-to.pdf used on input line 
6.
(pdftex.def)             Requested size: 85.35826pt x 28.60545pt.
 [7pdfTeX warning (ext4): destination with the same identifier (name{figure.3})
 has been already used, duplicate ignored

\AtBegShi@Output ...ipout \box \AtBeginShipoutBox 
                                                  \fi \fi 
l.6 \clearpage
               <../gantt/Simon.png (PNG copy)>] (./section/contexte-techno.tex
<../figures/mptcp.jpg, id=322, 652.4375pt x 390.45876pt>
File: ../figures/mptcp.jpg Graphic file (type jpg)

<use ../figures/mptcp.jpg>
Package pdftex.def Info: ../figures/mptcp.jpg used on input line 50.
(pdftex.def)             Requested size: 318.66946pt x 190.71875pt.


Package Fancyhdr Warning: \headheight is too small (56.9055pt): 
 Make it at least 70.65262pt.
 We now make it that large for the rest of the document.
 This may cause the page layout to be inconsistent, however.

Package epstopdf Info: Source file: <UPMC_sorbonne.eps>
(epstopdf)                    date: 2014-03-26 13:06:46
(epstopdf)                    size: 405180 bytes
(epstopdf)             Output file: <UPMC_sorbonne-eps-converted-to.pdf>
(epstopdf)                    date: 2014-03-26 13:06:46
(epstopdf)                    size: 16894 bytes
(epstopdf)             Command: <repstopdf --outfile=UPMC_sorbonne-eps-converte
d-to.pdf UPMC_sorbonne.eps>
(epstopdf)             \includegraphics on input line 81.
Package epstopdf Info: Output file is already uptodate.
File: UPMC_sorbonne-eps-converted-to.pdf Graphic file (type pdf)
<use UPMC_sorbonne-eps-converted-to.pdf>
Package pdftex.def Info: UPMC_sorbonne-eps-converted-to.pdf used on input line 
81.
(pdftex.def)             Requested size: 85.35826pt x 28.60545pt.
 [8

]

Package Fancyhdr Warning: \headheight is too small (56.9055pt): 
 Make it at least 70.65262pt.
 We now make it that large for the rest of the document.
 This may cause the page layout to be inconsistent, however.

Package epstopdf Info: Source file: <UPMC_sorbonne.eps>
(epstopdf)                    date: 2014-03-26 13:06:46
(epstopdf)                    size: 405180 bytes
(epstopdf)             Output file: <UPMC_sorbonne-eps-converted-to.pdf>
(epstopdf)                    date: 2014-03-26 13:06:46
(epstopdf)                    size: 16894 bytes
(epstopdf)             Command: <repstopdf --outfile=UPMC_sorbonne-eps-converte
d-to.pdf UPMC_sorbonne.eps>
(epstopdf)             \includegraphics on input line 127.
Package epstopdf Info: Output file is already uptodate.
File: UPMC_sorbonne-eps-converted-to.pdf Graphic file (type pdf)
<use UPMC_sorbonne-eps-converted-to.pdf>
Package pdftex.def Info: UPMC_sorbonne-eps-converted-to.pdf used on input line 
127.
(pdftex.def)             Requested size: 85.35826pt x 28.60545pt.
 [9pdfTeX warning (ext4): destination with the same identifier (name{figure.4})
 has been already used, duplicate ignored

\AtBegShi@Output ...ipout \box \AtBeginShipoutBox 
                                                  \fi \fi 
l.127 
       <../figures/mptcp.jpg>]

Package Fancyhdr Warning: \headheight is too small (56.9055pt): 
 Make it at least 70.65262pt.
 We now make it that large for the rest of the document.
 This may cause the page layout to be inconsistent, however.

Package epstopdf Info: Source file: <UPMC_sorbonne.eps>
(epstopdf)                    date: 2014-03-26 13:06:46
(epstopdf)                    size: 405180 bytes
(epstopdf)             Output file: <UPMC_sorbonne-eps-converted-to.pdf>
(epstopdf)                    date: 2014-03-26 13:06:46
(epstopdf)                    size: 16894 bytes
(epstopdf)             Command: <repstopdf --outfile=UPMC_sorbonne-eps-converte
d-to.pdf UPMC_sorbonne.eps>
(epstopdf)             \includegraphics on input line 179.
Package epstopdf Info: Output file is already uptodate.
File: UPMC_sorbonne-eps-converted-to.pdf Graphic file (type pdf)
<use UPMC_sorbonne-eps-converted-to.pdf>
Package pdftex.def Info: UPMC_sorbonne-eps-converted-to.pdf used on input line 
179.
(pdftex.def)             Requested size: 85.35826pt x 28.60545pt.
 [10])

Package Fancyhdr Warning: \headheight is too small (56.9055pt): 
 Make it at least 70.65262pt.
 We now make it that large for the rest of the document.
 This may cause the page layout to be inconsistent, however.

Package epstopdf Info: Source file: <UPMC_sorbonne.eps>
(epstopdf)                    date: 2014-03-26 13:06:46
(epstopdf)                    size: 405180 bytes
(epstopdf)             Output file: <UPMC_sorbonne-eps-converted-to.pdf>
(epstopdf)                    date: 2014-03-26 13:06:46
(epstopdf)                    size: 16894 bytes
(epstopdf)             Command: <repstopdf --outfile=UPMC_sorbonne-eps-converte
d-to.pdf UPMC_sorbonne.eps>
(epstopdf)             \includegraphics on input line 11.
Package epstopdf Info: Output file is already uptodate.
File: UPMC_sorbonne-eps-converted-to.pdf Graphic file (type pdf)
<use UPMC_sorbonne-eps-converted-to.pdf>
Package pdftex.def Info: UPMC_sorbonne-eps-converted-to.pdf used on input line 
11.
(pdftex.def)             Requested size: 85.35826pt x 28.60545pt.
 [11] (./section/conception.tex
<../figures/khalili.jpg, id=356, 234.1548pt x 108.94702pt>
File: ../figures/khalili.jpg Graphic file (type jpg)

<use ../figures/khalili.jpg>
Package pdftex.def Info: ../figures/khalili.jpg used on input line 52.
(pdftex.def)             Requested size: 273.14922pt x 127.10507pt.

<../figures/khaliliB.jpg, id=360, 142.55258pt x 111.11513pt>
File: ../figures/khaliliB.jpg Graphic file (type jpg)

<use ../figures/khaliliB.jpg>
Package pdftex.def Info: ../figures/khaliliB.jpg used on input line 70.
(pdftex.def)             Requested size: 182.09485pt x 141.942pt.


Package Fancyhdr Warning: \headheight is too small (56.9055pt): 
 Make it at least 70.65262pt.
 We now make it that large for the rest of the document.
 This may cause the page layout to be inconsistent, however.

Package epstopdf Info: Source file: <UPMC_sorbonne.eps>
(epstopdf)                    date: 2014-03-26 13:06:46
(epstopdf)                    size: 405180 bytes
(epstopdf)             Output file: <UPMC_sorbonne-eps-converted-to.pdf>
(epstopdf)                    date: 2014-03-26 13:06:46
(epstopdf)                    size: 16894 bytes
(epstopdf)             Command: <repstopdf --outfile=UPMC_sorbonne-eps-converte
d-to.pdf UPMC_sorbonne.eps>
(epstopdf)             \includegraphics on input line 87.
Package epstopdf Info: Output file is already uptodate.
File: UPMC_sorbonne-eps-converted-to.pdf Graphic file (type pdf)
<use UPMC_sorbonne-eps-converted-to.pdf>
Package pdftex.def Info: UPMC_sorbonne-eps-converted-to.pdf used on input line 
87.
(pdftex.def)             Requested size: 85.35826pt x 28.60545pt.
 [12

]

Package Fancyhdr Warning: \headheight is too small (56.9055pt): 
 Make it at least 70.65262pt.
 We now make it that large for the rest of the document.
 This may cause the page layout to be inconsistent, however.

Package epstopdf Info: Source file: <UPMC_sorbonne.eps>
(epstopdf)                    date: 2014-03-26 13:06:46
(epstopdf)                    size: 405180 bytes
(epstopdf)             Output file: <UPMC_sorbonne-eps-converted-to.pdf>
(epstopdf)                    date: 2014-03-26 13:06:46
(epstopdf)                    size: 16894 bytes
(epstopdf)             Command: <repstopdf --outfile=UPMC_sorbonne-eps-converte
d-to.pdf UPMC_sorbonne.eps>
(epstopdf)             \includegraphics on input line 107.
Package epstopdf Info: Output file is already uptodate.
File: UPMC_sorbonne-eps-converted-to.pdf Graphic file (type pdf)
<use UPMC_sorbonne-eps-converted-to.pdf>
Package pdftex.def Info: UPMC_sorbonne-eps-converted-to.pdf used on input line 
107.
(pdftex.def)             Requested size: 85.35826pt x 28.60545pt.
 [13pdfTeX warning (ext4): destination with the same identifier (name{figure.5}
) has been already used, duplicate ignored

\AtBegShi@Output ...ipout \box \AtBeginShipoutBox 
                                                  \fi \fi 
l.107 
      pdfTeX warning (ext4): destination with the same identifier (name{figure.
6}) has been already used, duplicate ignored

\AtBegShi@Output ...ipout \box \AtBeginShipoutBox 
                                                  \fi \fi 
l.107 
       <../figures/khalili.jpg> <../figures/khaliliB.jpg>])

Package Fancyhdr Warning: \headheight is too small (56.9055pt): 
 Make it at least 70.65262pt.
 We now make it that large for the rest of the document.
 This may cause the page layout to be inconsistent, however.

Package epstopdf Info: Source file: <UPMC_sorbonne.eps>
(epstopdf)                    date: 2014-03-26 13:06:46
(epstopdf)                    size: 405180 bytes
(epstopdf)             Output file: <UPMC_sorbonne-eps-converted-to.pdf>
(epstopdf)                    date: 2014-03-26 13:06:46
(epstopdf)                    size: 16894 bytes
(epstopdf)             Command: <repstopdf --outfile=UPMC_sorbonne-eps-converte
d-to.pdf UPMC_sorbonne.eps>
(epstopdf)             \includegraphics on input line 16.
Package epstopdf Info: Output file is already uptodate.
File: UPMC_sorbonne-eps-converted-to.pdf Graphic file (type pdf)
<use UPMC_sorbonne-eps-converted-to.pdf>
Package pdftex.def Info: UPMC_sorbonne-eps-converted-to.pdf used on input line 
16.
(pdftex.def)             Requested size: 85.35826pt x 28.60545pt.
 [14]

Package Fancyhdr Warning: \headheight is too small (56.9055pt): 
 Make it at least 70.65262pt.
 We now make it that large for the rest of the document.
 This may cause the page layout to be inconsistent, however.

Package epstopdf Info: Source file: <UPMC_sorbonne.eps>
(epstopdf)                    date: 2014-03-26 13:06:46
(epstopdf)                    size: 405180 bytes
(epstopdf)             Output file: <UPMC_sorbonne-eps-converted-to.pdf>
(epstopdf)                    date: 2014-03-26 13:06:46
(epstopdf)                    size: 16894 bytes
(epstopdf)             Command: <repstopdf --outfile=UPMC_sorbonne-eps-converte
d-to.pdf UPMC_sorbonne.eps>
(epstopdf)             \includegraphics on input line 21.
Package epstopdf Info: Output file is already uptodate.
File: UPMC_sorbonne-eps-converted-to.pdf Graphic file (type pdf)
<use UPMC_sorbonne-eps-converted-to.pdf>
Package pdftex.def Info: UPMC_sorbonne-eps-converted-to.pdf used on input line 
21.
(pdftex.def)             Requested size: 85.35826pt x 28.60545pt.
 [15

] (./section/compterendu.Tex
Overfull \hbox (4.55887pt too wide) in paragraph at lines 21--28
\T1/cmr/m/n/12 tion-nelle sur cer-taines des ma-chines des mem-bres du pro-jet.
 Par con-séquent, il est préférable
 []

(./section/compteRendu/Topologie.tex
Underfull \hbox (badness 10000) in paragraph at lines 6--10

 []

<../figures/mptcp_tcp/mptcp_tcp.pdf, id=393, 420.57124pt x 200.75pt>
File: ../figures/mptcp_tcp/mptcp_tcp.pdf Graphic file (type pdf)

<use ../figures/mptcp_tcp/mptcp_tcp.pdf>
Package pdftex.def Info: ../figures/mptcp_tcp/mptcp_tcp.pdf used on input line 
14.
(pdftex.def)             Requested size: 318.66946pt x 152.11209pt.
) (./section/compteRendu/MPTCP_perf.tex

Package Fancyhdr Warning: \headheight is too small (56.9055pt): 
 Make it at least 70.65262pt.
 We now make it that large for the rest of the document.
 This may cause the page layout to be inconsistent, however.

Package epstopdf Info: Source file: <UPMC_sorbonne.eps>
(epstopdf)                    date: 2014-03-26 13:06:46
(epstopdf)                    size: 405180 bytes
(epstopdf)             Output file: <UPMC_sorbonne-eps-converted-to.pdf>
(epstopdf)                    date: 2014-03-26 13:06:46
(epstopdf)                    size: 16894 bytes
(epstopdf)             Command: <repstopdf --outfile=UPMC_sorbonne-eps-converte
d-to.pdf UPMC_sorbonne.eps>
(epstopdf)             \includegraphics on input line 26.
Package epstopdf Info: Output file is already uptodate.
File: UPMC_sorbonne-eps-converted-to.pdf Graphic file (type pdf)
<use UPMC_sorbonne-eps-converted-to.pdf>
Package pdftex.def Info: UPMC_sorbonne-eps-converted-to.pdf used on input line 
26.
(pdftex.def)             Requested size: 85.35826pt x 28.60545pt.
 [16

]
<../figures/bw-single.pdf, id=415, 361.35pt x 361.35pt>
File: ../figures/bw-single.pdf Graphic file (type pdf)

<use ../figures/bw-single.pdf>
Package pdftex.def Info: ../figures/bw-single.pdf used on input line 60.
(pdftex.def)             Requested size: 318.66946pt x 318.67268pt.


Package Fancyhdr Warning: \headheight is too small (56.9055pt): 
 Make it at least 70.65262pt.
 We now make it that large for the rest of the document.
 This may cause the page layout to be inconsistent, however.

Package epstopdf Info: Source file: <UPMC_sorbonne.eps>
(epstopdf)                    date: 2014-03-26 13:06:46
(epstopdf)                    size: 405180 bytes
(epstopdf)             Output file: <UPMC_sorbonne-eps-converted-to.pdf>
(epstopdf)                    date: 2014-03-26 13:06:46
(epstopdf)                    size: 16894 bytes
(epstopdf)             Command: <repstopdf --outfile=UPMC_sorbonne-eps-converte
d-to.pdf UPMC_sorbonne.eps>
(epstopdf)             \includegraphics on input line 73.
Package epstopdf Info: Output file is already uptodate.
File: UPMC_sorbonne-eps-converted-to.pdf Graphic file (type pdf)
<use UPMC_sorbonne-eps-converted-to.pdf>
Package pdftex.def Info: UPMC_sorbonne-eps-converted-to.pdf used on input line 
73.
(pdftex.def)             Requested size: 85.35826pt x 28.60545pt.
 [17pdfTeX warning (ext4): destination with the same identifier (name{figure.7}
) has been already used, duplicate ignored

\AtBegShi@Output ...ipout \box \AtBeginShipoutBox 
                                                  \fi \fi 
l.73 \subsubsection
                   {Variation du débit maximal par lien} <../figures/mptcp_tcp/
mptcp_tcp.pdf>] <../figures/bw-coupled.pdf, id=433, 505.89pt x 505.89pt>
File: ../figures/bw-coupled.pdf Graphic file (type pdf)

<use ../figures/bw-coupled.pdf>
Package pdftex.def Info: ../figures/bw-coupled.pdf used on input line 82.
(pdftex.def)             Requested size: 318.66946pt x 318.67378pt.


Package Fancyhdr Warning: \headheight is too small (56.9055pt): 
 Make it at least 70.65262pt.
 We now make it that large for the rest of the document.
 This may cause the page layout to be inconsistent, however.

Package epstopdf Info: Source file: <UPMC_sorbonne.eps>
(epstopdf)                    date: 2014-03-26 13:06:46
(epstopdf)                    size: 405180 bytes
(epstopdf)             Output file: <UPMC_sorbonne-eps-converted-to.pdf>
(epstopdf)                    date: 2014-03-26 13:06:46
(epstopdf)                    size: 16894 bytes
(epstopdf)             Command: <repstopdf --outfile=UPMC_sorbonne-eps-converte
d-to.pdf UPMC_sorbonne.eps>
(epstopdf)             \includegraphics on input line 108.
Package epstopdf Info: Output file is already uptodate.
File: UPMC_sorbonne-eps-converted-to.pdf Graphic file (type pdf)
<use UPMC_sorbonne-eps-converted-to.pdf>
Package pdftex.def Info: UPMC_sorbonne-eps-converted-to.pdf used on input line 
108.
(pdftex.def)             Requested size: 85.35826pt x 28.60545pt.
 [18pdfTeX warning (ext4): destination with the same identifier (name{figure.8}
) has been already used, duplicate ignored

\AtBegShi@Output ...ipout \box \AtBeginShipoutBox 
                                                  \fi \fi 
l.108 \begin{equation}
                       <../figures/bw-single.pdf>]

Package Fancyhdr Warning: \headheight is too small (56.9055pt): 
 Make it at least 70.65262pt.
 We now make it that large for the rest of the document.
 This may cause the page layout to be inconsistent, however.

Package epstopdf Info: Source file: <UPMC_sorbonne.eps>
(epstopdf)                    date: 2014-03-26 13:06:46
(epstopdf)                    size: 405180 bytes
(epstopdf)             Output file: <UPMC_sorbonne-eps-converted-to.pdf>
(epstopdf)                    date: 2014-03-26 13:06:46
(epstopdf)                    size: 16894 bytes
(epstopdf)             Command: <repstopdf --outfile=UPMC_sorbonne-eps-converte
d-to.pdf UPMC_sorbonne.eps>
(epstopdf)             \includegraphics on input line 128.
Package epstopdf Info: Output file is already uptodate.
File: UPMC_sorbonne-eps-converted-to.pdf Graphic file (type pdf)
<use UPMC_sorbonne-eps-converted-to.pdf>
Package pdftex.def Info: UPMC_sorbonne-eps-converted-to.pdf used on input line 
128.
(pdftex.def)             Requested size: 85.35826pt x 28.60545pt.
 [19pdfTeX warning (ext4): destination with the same identifier (name{figure.9}
) has been already used, duplicate ignored

\AtBegShi@Output ...ipout \box \AtBeginShipoutBox 
                                                  \fi \fi 
l.128 net.core.wmem_default = 163840
                                     <../figures/bw-coupled.pdf>]
<../figures/ws.pdf, id=469, 505.89pt x 505.89pt>
File: ../figures/ws.pdf Graphic file (type pdf)
 <use ../figures/ws.pdf>
Package pdftex.def Info: ../figures/ws.pdf used on input line 144.
(pdftex.def)             Requested size: 318.66946pt x 318.67378pt.


Package Fancyhdr Warning: \headheight is too small (56.9055pt): 
 Make it at least 70.65262pt.
 We now make it that large for the rest of the document.
 This may cause the page layout to be inconsistent, however.

Package epstopdf Info: Source file: <UPMC_sorbonne.eps>
(epstopdf)                    date: 2014-03-26 13:06:46
(epstopdf)                    size: 405180 bytes
(epstopdf)             Output file: <UPMC_sorbonne-eps-converted-to.pdf>
(epstopdf)                    date: 2014-03-26 13:06:46
(epstopdf)                    size: 16894 bytes
(epstopdf)             Command: <repstopdf --outfile=UPMC_sorbonne-eps-converte
d-to.pdf UPMC_sorbonne.eps>
(epstopdf)             \includegraphics on input line 166.
Package epstopdf Info: Output file is already uptodate.
File: UPMC_sorbonne-eps-converted-to.pdf Graphic file (type pdf)
<use UPMC_sorbonne-eps-converted-to.pdf>
Package pdftex.def Info: UPMC_sorbonne-eps-converted-to.pdf used on input line 
166.
(pdftex.def)             Requested size: 85.35826pt x 28.60545pt.
 [20pdfTeX warning (ext4): destination with the same identifier (name{figure.10
}) has been already used, duplicate ignored

\AtBegShi@Output ...ipout \box \AtBeginShipoutBox 
                                                  \fi \fi 
l.166 
       <../figures/ws.pdf>]
Underfull \hbox (badness 10000) in paragraph at lines 169--169
[][][]\T1/cmr/m/n/10 .[][][][]$\T1/cmtt/m/n/10 https : / / github . com / minin
et / mininet / wiki / Introduction-[]to-[]Mininet #
 []


Underfull \hbox (badness 10000) in paragraph at lines 182--190

 []

<../figures/rtt.pdf, id=490, 505.89pt x 578.16pt>
File: ../figures/rtt.pdf Graphic file (type pdf)
 <use ../figures/rtt.pdf>
Package pdftex.def Info: ../figures/rtt.pdf used on input line 194.
(pdftex.def)             Requested size: 318.66946pt x 364.19861pt.

Underfull \hbox (badness 10000) in paragraph at lines 205--212

 []


Underfull \hbox (badness 10000) in paragraph at lines 213--220

 []

<../figures/prefixtc.pdf, id=493, 505.89pt x 578.16pt>
File: ../figures/prefixtc.pdf Graphic file (type pdf)

<use ../figures/prefixtc.pdf>
Package pdftex.def Info: ../figures/prefixtc.pdf used on input line 239.
(pdftex.def)             Requested size: 318.66946pt x 364.19861pt.


Package Fancyhdr Warning: \headheight is too small (56.9055pt): 
 Make it at least 70.65262pt.
 We now make it that large for the rest of the document.
 This may cause the page layout to be inconsistent, however.

Package epstopdf Info: Source file: <UPMC_sorbonne.eps>
(epstopdf)                    date: 2014-03-26 13:06:46
(epstopdf)                    size: 405180 bytes
(epstopdf)             Output file: <UPMC_sorbonne-eps-converted-to.pdf>
(epstopdf)                    date: 2014-03-26 13:06:46
(epstopdf)                    size: 16894 bytes
(epstopdf)             Command: <repstopdf --outfile=UPMC_sorbonne-eps-converte
d-to.pdf UPMC_sorbonne.eps>
(epstopdf)             \includegraphics on input line 257.
Package epstopdf Info: Output file is already uptodate.
File: UPMC_sorbonne-eps-converted-to.pdf Graphic file (type pdf)
<use UPMC_sorbonne-eps-converted-to.pdf>
Package pdftex.def Info: UPMC_sorbonne-eps-converted-to.pdf used on input line 
257.
(pdftex.def)             Requested size: 85.35826pt x 28.60545pt.
 [21]

Package Fancyhdr Warning: \headheight is too small (56.9055pt): 
 Make it at least 70.65262pt.
 We now make it that large for the rest of the document.
 This may cause the page layout to be inconsistent, however.

Package epstopdf Info: Source file: <UPMC_sorbonne.eps>
(epstopdf)                    date: 2014-03-26 13:06:46
(epstopdf)                    size: 405180 bytes
(epstopdf)             Output file: <UPMC_sorbonne-eps-converted-to.pdf>
(epstopdf)                    date: 2014-03-26 13:06:46
(epstopdf)                    size: 16894 bytes
(epstopdf)             Command: <repstopdf --outfile=UPMC_sorbonne-eps-converte
d-to.pdf UPMC_sorbonne.eps>
(epstopdf)             \includegraphics on input line 277.
Package epstopdf Info: Output file is already uptodate.
File: UPMC_sorbonne-eps-converted-to.pdf Graphic file (type pdf)
<use UPMC_sorbonne-eps-converted-to.pdf>
Package pdftex.def Info: UPMC_sorbonne-eps-converted-to.pdf used on input line 
277.
(pdftex.def)             Requested size: 85.35826pt x 28.60545pt.
 [22pdfTeX warning (ext4): destination with the same identifier (name{figure.11
}) has been already used, duplicate ignored

\AtBegShi@Output ...ipout \box \AtBeginShipoutBox 
                                                  \fi \fi 
l.277 
       <../figures/rtt.pdf>] <../figures/TC5.pdf, id=523, 433.62pt x 578.16pt>
File: ../figures/TC5.pdf Graphic file (type pdf)

<use ../figures/TC5.pdf>
Package pdftex.def Info: ../figures/TC5.pdf used on input line 279.
(pdftex.def)             Requested size: 318.66946pt x 424.91162pt.


Package Fancyhdr Warning: \headheight is too small (56.9055pt): 
 Make it at least 70.65262pt.
 We now make it that large for the rest of the document.
 This may cause the page layout to be inconsistent, however.

Package epstopdf Info: Source file: <UPMC_sorbonne.eps>
(epstopdf)                    date: 2014-03-26 13:06:46
(epstopdf)                    size: 405180 bytes
(epstopdf)             Output file: <UPMC_sorbonne-eps-converted-to.pdf>
(epstopdf)                    date: 2014-03-26 13:06:46
(epstopdf)                    size: 16894 bytes
(epstopdf)             Command: <repstopdf --outfile=UPMC_sorbonne-eps-converte
d-to.pdf UPMC_sorbonne.eps>
(epstopdf)             \includegraphics on input line 287.
Package epstopdf Info: Output file is already uptodate.
File: UPMC_sorbonne-eps-converted-to.pdf Graphic file (type pdf)
<use UPMC_sorbonne-eps-converted-to.pdf>
Package pdftex.def Info: UPMC_sorbonne-eps-converted-to.pdf used on input line 
287.
(pdftex.def)             Requested size: 85.35826pt x 28.60545pt.
 [23pdfTeX warning (ext4): destination with the same identifier (name{figure.12
}) has been already used, duplicate ignored

\AtBegShi@Output ...ipout \box \AtBeginShipoutBox 
                                                  \fi \fi 
l.287 
       <../figures/prefixtc.pdf>]
Underfull \hbox (badness 10000) in paragraph at lines 288--296

 []


Underfull \hbox (badness 10000) in paragraph at lines 297--303

 []


Package Fancyhdr Warning: \headheight is too small (56.9055pt): 
 Make it at least 70.65262pt.
 We now make it that large for the rest of the document.
 This may cause the page layout to be inconsistent, however.

Package epstopdf Info: Source file: <UPMC_sorbonne.eps>
(epstopdf)                    date: 2014-03-26 13:06:46
(epstopdf)                    size: 405180 bytes
(epstopdf)             Output file: <UPMC_sorbonne-eps-converted-to.pdf>
(epstopdf)                    date: 2014-03-26 13:06:46
(epstopdf)                    size: 16894 bytes
(epstopdf)             Command: <repstopdf --outfile=UPMC_sorbonne-eps-converte
d-to.pdf UPMC_sorbonne.eps>
(epstopdf)             \includegraphics on input line 303.
Package epstopdf Info: Output file is already uptodate.
File: UPMC_sorbonne-eps-converted-to.pdf Graphic file (type pdf)
<use UPMC_sorbonne-eps-converted-to.pdf>
Package pdftex.def Info: UPMC_sorbonne-eps-converted-to.pdf used on input line 
303.
(pdftex.def)             Requested size: 85.35826pt x 28.60545pt.
 [24pdfTeX warning (ext4): destination with the same identifier (name{figure.13
}) has been already used, duplicate ignored

\AtBegShi@Output ...ipout \box \AtBeginShipoutBox 
                                                  \fi \fi 
l.303 
       <../figures/TC5.pdf>]
<../figures/bw-5_1_5_10_100_500.pdf, id=551, 578.16pt x 578.16pt>
File: ../figures/bw-5_1_5_10_100_500.pdf Graphic file (type pdf)

<use ../figures/bw-5_1_5_10_100_500.pdf>
Package pdftex.def Info: ../figures/bw-5_1_5_10_100_500.pdf used on input line 
310.
(pdftex.def)             Requested size: 318.66946pt x 318.66827pt.

<../figures/bw-5_10_10_500_500_500.pdf, id=556, 578.16pt x 578.16pt>
File: ../figures/bw-5_10_10_500_500_500.pdf Graphic file (type pdf)

<use ../figures/bw-5_10_10_500_500_500.pdf>
Package pdftex.def Info: ../figures/bw-5_10_10_500_500_500.pdf used on input li
ne 332.
(pdftex.def)             Requested size: 318.66946pt x 318.66827pt.


Package Fancyhdr Warning: \headheight is too small (56.9055pt): 
 Make it at least 70.65262pt.
 We now make it that large for the rest of the document.
 This may cause the page layout to be inconsistent, however.

Package epstopdf Info: Source file: <UPMC_sorbonne.eps>
(epstopdf)                    date: 2014-03-26 13:06:46
(epstopdf)                    size: 405180 bytes
(epstopdf)             Output file: <UPMC_sorbonne-eps-converted-to.pdf>
(epstopdf)                    date: 2014-03-26 13:06:46
(epstopdf)                    size: 16894 bytes
(epstopdf)             Command: <repstopdf --outfile=UPMC_sorbonne-eps-converte
d-to.pdf UPMC_sorbonne.eps>
(epstopdf)             \includegraphics on input line 340.
Package epstopdf Info: Output file is already uptodate.
File: UPMC_sorbonne-eps-converted-to.pdf Graphic file (type pdf)
<use UPMC_sorbonne-eps-converted-to.pdf>
Package pdftex.def Info: UPMC_sorbonne-eps-converted-to.pdf used on input line 
340.
(pdftex.def)             Requested size: 85.35826pt x 28.60545pt.
 [25pdfTeX warning (ext4): destination with the same identifier (name{figure.14
}) has been already used, duplicate ignored

\AtBegShi@Output ...ipout \box \AtBeginShipoutBox 
                                                  \fi \fi 
l.340 
       <../figures/bw-5_1_5_10_100_500.pdf>])

Package Fancyhdr Warning: \headheight is too small (56.9055pt): 
 Make it at least 70.65262pt.
 We now make it that large for the rest of the document.
 This may cause the page layout to be inconsistent, however.

Package epstopdf Info: Source file: <UPMC_sorbonne.eps>
(epstopdf)                    date: 2014-03-26 13:06:46
(epstopdf)                    size: 405180 bytes
(epstopdf)             Output file: <UPMC_sorbonne-eps-converted-to.pdf>
(epstopdf)                    date: 2014-03-26 13:06:46
(epstopdf)                    size: 16894 bytes
(epstopdf)             Command: <repstopdf --outfile=UPMC_sorbonne-eps-converte
d-to.pdf UPMC_sorbonne.eps>
(epstopdf)             \includegraphics on input line 32.
Package epstopdf Info: Output file is already uptodate.
File: UPMC_sorbonne-eps-converted-to.pdf Graphic file (type pdf)
<use UPMC_sorbonne-eps-converted-to.pdf>
Package pdftex.def Info: UPMC_sorbonne-eps-converted-to.pdf used on input line 
32.
(pdftex.def)             Requested size: 85.35826pt x 28.60545pt.
 [26pdfTeX warning (ext4): destination with the same identifier (name{figure.15
}) has been already used, duplicate ignored

\AtBegShi@Output ...ipout \box \AtBeginShipoutBox 
                                                  \fi \fi 
l.32 \clearpage
                <../figures/bw-5_10_10_500_500_500.pdf>]
(./section/compteRendu/code.tex

Package Fancyhdr Warning: \headheight is too small (56.9055pt): 
 Make it at least 70.65262pt.
 We now make it that large for the rest of the document.
 This may cause the page layout to be inconsistent, however.

Package epstopdf Info: Source file: <UPMC_sorbonne.eps>
(epstopdf)                    date: 2014-03-26 13:06:46
(epstopdf)                    size: 405180 bytes
(epstopdf)             Output file: <UPMC_sorbonne-eps-converted-to.pdf>
(epstopdf)                    date: 2014-03-26 13:06:46
(epstopdf)                    size: 16894 bytes
(epstopdf)             Command: <repstopdf --outfile=UPMC_sorbonne-eps-converte
d-to.pdf UPMC_sorbonne.eps>
(epstopdf)             \includegraphics on input line 48.
Package epstopdf Info: Output file is already uptodate.
File: UPMC_sorbonne-eps-converted-to.pdf Graphic file (type pdf)
<use UPMC_sorbonne-eps-converted-to.pdf>
Package pdftex.def Info: UPMC_sorbonne-eps-converted-to.pdf used on input line 
48.
(pdftex.def)             Requested size: 85.35826pt x 28.60545pt.
 [27

]

Package Fancyhdr Warning: \headheight is too small (56.9055pt): 
 Make it at least 70.65262pt.
 We now make it that large for the rest of the document.
 This may cause the page layout to be inconsistent, however.

Package epstopdf Info: Source file: <UPMC_sorbonne.eps>
(epstopdf)                    date: 2014-03-26 13:06:46
(epstopdf)                    size: 405180 bytes
(epstopdf)             Output file: <UPMC_sorbonne-eps-converted-to.pdf>
(epstopdf)                    date: 2014-03-26 13:06:46
(epstopdf)                    size: 16894 bytes
(epstopdf)             Command: <repstopdf --outfile=UPMC_sorbonne-eps-converte
d-to.pdf UPMC_sorbonne.eps>
(epstopdf)             \includegraphics on input line 81.
Package epstopdf Info: Output file is already uptodate.
File: UPMC_sorbonne-eps-converted-to.pdf Graphic file (type pdf)
<use UPMC_sorbonne-eps-converted-to.pdf>
Package pdftex.def Info: UPMC_sorbonne-eps-converted-to.pdf used on input line 
81.
(pdftex.def)             Requested size: 85.35826pt x 28.60545pt.
 [28]
Underfull \hbox (badness 10000) in paragraph at lines 109--116

 []


Package Fancyhdr Warning: \headheight is too small (56.9055pt): 
 Make it at least 70.65262pt.
 We now make it that large for the rest of the document.
 This may cause the page layout to be inconsistent, however.

Package epstopdf Info: Source file: <UPMC_sorbonne.eps>
(epstopdf)                    date: 2014-03-26 13:06:46
(epstopdf)                    size: 405180 bytes
(epstopdf)             Output file: <UPMC_sorbonne-eps-converted-to.pdf>
(epstopdf)                    date: 2014-03-26 13:06:46
(epstopdf)                    size: 16894 bytes
(epstopdf)             Command: <repstopdf --outfile=UPMC_sorbonne-eps-converte
d-to.pdf UPMC_sorbonne.eps>
(epstopdf)             \includegraphics on input line 122.
Package epstopdf Info: Output file is already uptodate.
File: UPMC_sorbonne-eps-converted-to.pdf Graphic file (type pdf)
<use UPMC_sorbonne-eps-converted-to.pdf>
Package pdftex.def Info: UPMC_sorbonne-eps-converted-to.pdf used on input line 
122.
(pdftex.def)             Requested size: 85.35826pt x 28.60545pt.
 [29]
Overfull \hbox (0.60701pt too wide) in paragraph at lines 127--132
[]\T1/cmr/m/it/12 static void ssk_checkup(struct sk_buff *skb, struct se-lected
_sk *bssk, int ssk_size); \T1/cmr/m/n/12 :
 []

))

Package Fancyhdr Warning: \headheight is too small (56.9055pt): 
 Make it at least 70.65262pt.
 We now make it that large for the rest of the document.
 This may cause the page layout to be inconsistent, however.

Package epstopdf Info: Source file: <UPMC_sorbonne.eps>
(epstopdf)                    date: 2014-03-26 13:06:46
(epstopdf)                    size: 405180 bytes
(epstopdf)             Output file: <UPMC_sorbonne-eps-converted-to.pdf>
(epstopdf)                    date: 2014-03-26 13:06:46
(epstopdf)                    size: 16894 bytes
(epstopdf)             Command: <repstopdf --outfile=UPMC_sorbonne-eps-converte
d-to.pdf UPMC_sorbonne.eps>
(epstopdf)             \includegraphics on input line 31.
Package epstopdf Info: Output file is already uptodate.
File: UPMC_sorbonne-eps-converted-to.pdf Graphic file (type pdf)
<use UPMC_sorbonne-eps-converted-to.pdf>
Package pdftex.def Info: UPMC_sorbonne-eps-converted-to.pdf used on input line 
31.
(pdftex.def)             Requested size: 85.35826pt x 28.60545pt.
 [30])
\openout2 = `section/Annexe1.aux'.

 (./section/Annexe1.tex
(./section/annexe1/scripts.tex
Overfull \hbox (21.98633pt too wide) in paragraph at lines 24--25
[]\T1/cmr/m/n/12 Pour mod-i-fier la valeur du fichier, il suf-fit d'u-tiliser s
ysctl en util-isant la forme ``nom=valeur'' 
 []


Package Fancyhdr Warning: \headheight is too small (56.9055pt): 
 Make it at least 70.65262pt.
 We now make it that large for the rest of the document.
 This may cause the page layout to be inconsistent, however.

Package epstopdf Info: Source file: <UPMC_sorbonne.eps>
(epstopdf)                    date: 2014-03-26 13:06:46
(epstopdf)                    size: 405180 bytes
(epstopdf)             Output file: <UPMC_sorbonne-eps-converted-to.pdf>
(epstopdf)                    date: 2014-03-26 13:06:46
(epstopdf)                    size: 16894 bytes
(epstopdf)             Command: <repstopdf --outfile=UPMC_sorbonne-eps-converte
d-to.pdf UPMC_sorbonne.eps>
(epstopdf)             \includegraphics on input line 75.
Package epstopdf Info: Output file is already uptodate.
File: UPMC_sorbonne-eps-converted-to.pdf Graphic file (type pdf)
<use UPMC_sorbonne-eps-converted-to.pdf>
Package pdftex.def Info: UPMC_sorbonne-eps-converted-to.pdf used on input line 
75.
(pdftex.def)             Requested size: 85.35826pt x 28.60545pt.
 [31



]
Overfull \hbox (88.59538pt too wide) in paragraph at lines 104--107
\T1/cmr/m/n/12 com-mençant par ``pyMPTCP'' et se situent sur le git pour l'in-s
tant dans ``./mininet/python/TCPvsMPTCP'' 
 []


Package Fancyhdr Warning: \headheight is too small (56.9055pt): 
 Make it at least 70.65262pt.
 We now make it that large for the rest of the document.
 This may cause the page layout to be inconsistent, however.

Package epstopdf Info: Source file: <UPMC_sorbonne.eps>
(epstopdf)                    date: 2014-03-26 13:06:46
(epstopdf)                    size: 405180 bytes
(epstopdf)             Output file: <UPMC_sorbonne-eps-converted-to.pdf>
(epstopdf)                    date: 2014-03-26 13:06:46
(epstopdf)                    size: 16894 bytes
(epstopdf)             Command: <repstopdf --outfile=UPMC_sorbonne-eps-converte
d-to.pdf UPMC_sorbonne.eps>
(epstopdf)             \includegraphics on input line 136.
Package epstopdf Info: Output file is already uptodate.
File: UPMC_sorbonne-eps-converted-to.pdf Graphic file (type pdf)
<use UPMC_sorbonne-eps-converted-to.pdf>
Package pdftex.def Info: UPMC_sorbonne-eps-converted-to.pdf used on input line 
136.
(pdftex.def)             Requested size: 85.35826pt x 28.60545pt.
 [32]
(./section/annexe1/Argument_parser.tex
Overfull \hbox (1.59436pt too wide) in paragraph at lines 8--8
[]\T1/cmtt/m/n/12 usage: sudo mptc_khal.py [h] [--cli] --bw BW [--delay DELAY] 
[-n N] [-t T][] 
 []


Overfull \hbox (37.80775pt too wide) in paragraph at lines 15--37
[][] 
 []

)
Overfull \hbox (1.59436pt too wide) in paragraph at lines 154--154
[]\T1/cmtt/m/n/12 usage: sudo mptc_khal.py [h] [--cli] --bw BW [--delay DELAY] 
[-n N] [-t T][] 
 []


Package Fancyhdr Warning: \headheight is too small (56.9055pt): 
 Make it at least 70.65262pt.
 We now make it that large for the rest of the document.
 This may cause the page layout to be inconsistent, however.

Package epstopdf Info: Source file: <UPMC_sorbonne.eps>
(epstopdf)                    date: 2014-03-26 13:06:46
(epstopdf)                    size: 405180 bytes
(epstopdf)             Output file: <UPMC_sorbonne-eps-converted-to.pdf>
(epstopdf)                    date: 2014-03-26 13:06:46
(epstopdf)                    size: 16894 bytes
(epstopdf)             Command: <repstopdf --outfile=UPMC_sorbonne-eps-converte
d-to.pdf UPMC_sorbonne.eps>
(epstopdf)             \includegraphics on input line 166.
Package epstopdf Info: Output file is already uptodate.
File: UPMC_sorbonne-eps-converted-to.pdf Graphic file (type pdf)
<use UPMC_sorbonne-eps-converted-to.pdf>
Package pdftex.def Info: UPMC_sorbonne-eps-converted-to.pdf used on input line 
166.
(pdftex.def)             Requested size: 85.35826pt x 28.60545pt.
 [33]

LaTeX Warning: Characters dropped after `\end{verbatim}' on input line 173.


Underfull \hbox (badness 10000) in paragraph at lines 175--179

 []


LaTeX Warning: Characters dropped after `\end{verbatim}' on input line 183.


Overfull \hbox (25.34134pt too wide) in paragraph at lines 203--208
[][] 
 []


Package Fancyhdr Warning: \headheight is too small (56.9055pt): 
 Make it at least 70.65262pt.
 We now make it that large for the rest of the document.
 This may cause the page layout to be inconsistent, however.

Package epstopdf Info: Source file: <UPMC_sorbonne.eps>
(epstopdf)                    date: 2014-03-26 13:06:46
(epstopdf)                    size: 405180 bytes
(epstopdf)             Output file: <UPMC_sorbonne-eps-converted-to.pdf>
(epstopdf)                    date: 2014-03-26 13:06:46
(epstopdf)                    size: 16894 bytes
(epstopdf)             Command: <repstopdf --outfile=UPMC_sorbonne-eps-converte
d-to.pdf UPMC_sorbonne.eps>
(epstopdf)             \includegraphics on input line 232.
Package epstopdf Info: Output file is already uptodate.
File: UPMC_sorbonne-eps-converted-to.pdf Graphic file (type pdf)
<use UPMC_sorbonne-eps-converted-to.pdf>
Package pdftex.def Info: UPMC_sorbonne-eps-converted-to.pdf used on input line 
232.
(pdftex.def)             Requested size: 85.35826pt x 28.60545pt.
 [34]) (./section/annexe1/bugs.tex
Underfull \hbox (badness 10000) in paragraph at lines 5--7

 []


Underfull \hbox (badness 10000) in paragraph at lines 8--16

 []


Underfull \hbox (badness 10000) in paragraph at lines 22--31

 []


Package Fancyhdr Warning: \headheight is too small (56.9055pt): 
 Make it at least 70.65262pt.
 We now make it that large for the rest of the document.
 This may cause the page layout to be inconsistent, however.

Package epstopdf Info: Source file: <UPMC_sorbonne.eps>
(epstopdf)                    date: 2014-03-26 13:06:46
(epstopdf)                    size: 405180 bytes
(epstopdf)             Output file: <UPMC_sorbonne-eps-converted-to.pdf>
(epstopdf)                    date: 2014-03-26 13:06:46
(epstopdf)                    size: 16894 bytes
(epstopdf)             Command: <repstopdf --outfile=UPMC_sorbonne-eps-converte
d-to.pdf UPMC_sorbonne.eps>
(epstopdf)             \includegraphics on input line 33.
Package epstopdf Info: Output file is already uptodate.
File: UPMC_sorbonne-eps-converted-to.pdf Graphic file (type pdf)
<use UPMC_sorbonne-eps-converted-to.pdf>
Package pdftex.def Info: UPMC_sorbonne-eps-converted-to.pdf used on input line 
33.
(pdftex.def)             Requested size: 85.35826pt x 28.60545pt.
 [35]) (./section/experiment.tex
Underfull \hbox (badness 10000) in paragraph at lines 2--3

 []


Underfull \hbox (badness 10000) in paragraph at lines 7--15

 []


Overfull \hbox (24.79286pt too wide) in paragraph at lines 27--36
[][] 
 []

))

Package Fancyhdr Warning: \headheight is too small (56.9055pt): 
 Make it at least 70.65262pt.
 We now make it that large for the rest of the document.
 This may cause the page layout to be inconsistent, however.

Package epstopdf Info: Source file: <UPMC_sorbonne.eps>
(epstopdf)                    date: 2014-03-26 13:06:46
(epstopdf)                    size: 405180 bytes
(epstopdf)             Output file: <UPMC_sorbonne-eps-converted-to.pdf>
(epstopdf)                    date: 2014-03-26 13:06:46
(epstopdf)                    size: 16894 bytes
(epstopdf)             Command: <repstopdf --outfile=UPMC_sorbonne-eps-converte
d-to.pdf UPMC_sorbonne.eps>
(epstopdf)             \includegraphics on input line 146.
Package epstopdf Info: Output file is already uptodate.
File: UPMC_sorbonne-eps-converted-to.pdf Graphic file (type pdf)
<use UPMC_sorbonne-eps-converted-to.pdf>
Package pdftex.def Info: UPMC_sorbonne-eps-converted-to.pdf used on input line 
146.
(pdftex.def)             Requested size: 85.35826pt x 28.60545pt.
 [36] (./rapport.bbl (./rapport.brf)
\tf@brf=\write5
\openout5 = `rapport.brf'.

)
Package atveryend Info: Empty hook `BeforeClearDocument' on input line 154.


Package Fancyhdr Warning: \headheight is too small (56.9055pt): 
 Make it at least 70.65262pt.
 We now make it that large for the rest of the document.
 This may cause the page layout to be inconsistent, however.

Package epstopdf Info: Source file: <UPMC_sorbonne.eps>
(epstopdf)                    date: 2014-03-26 13:06:46
(epstopdf)                    size: 405180 bytes
(epstopdf)             Output file: <UPMC_sorbonne-eps-converted-to.pdf>
(epstopdf)                    date: 2014-03-26 13:06:46
(epstopdf)                    size: 16894 bytes
(epstopdf)             Command: <repstopdf --outfile=UPMC_sorbonne-eps-converte
d-to.pdf UPMC_sorbonne.eps>
(epstopdf)             \includegraphics on input line 154.
Package epstopdf Info: Output file is already uptodate.
File: UPMC_sorbonne-eps-converted-to.pdf Graphic file (type pdf)
<use UPMC_sorbonne-eps-converted-to.pdf>
Package pdftex.def Info: UPMC_sorbonne-eps-converted-to.pdf used on input line 
154.
(pdftex.def)             Requested size: 85.35826pt x 28.60545pt.
 [37

]
Package atveryend Info: Empty hook `AfterLastShipout' on input line 154.
 (./rapport.aux (./charges.aux)
(./corps.aux) (./section/Annexe1.aux))
Package atveryend Info: Executing hook `AtVeryEndDocument' on input line 154.
Package atveryend Info: Executing hook `AtEndAfterFileList' on input line 154.
Package rerunfilecheck Info: File `rapport.out' has not changed.
(rerunfilecheck)             Checksum: 6E44A2C88DB402291FD955704530E9DA;3775.
Package rerunfilecheck Info: File `rapport.brf' has not changed.
(rerunfilecheck)             Checksum: 7C9AB738695EC06320B7E979EEDD5677;743.


LaTeX Warning: There were multiply-defined labels.

Package atveryend Info: Empty hook `AtVeryVeryEnd' on input line 154.
 ) 
Here is how much of TeX's memory you used:
 8845 strings out of 495059
 126686 string characters out of 3182029
 232975 words of memory out of 3000000
 11628 multiletter control sequences out of 15000+200000
 20546 words of font info for 56 fonts, out of 3000000 for 9000
 14 hyphenation exceptions out of 8191
 44i,15n,46p,965b,577s stack positions out of 5000i,500n,10000p,200000b,50000s
pdfTeX warning (dest): name{Hfootnote.3} has been referenced but does not exi
st, replaced by a fixed one

 </home/romain/.texmf-var/fonts/pk/ljfour/jknappen/ec/ectt1200.600pk> </home/ro
main/.texmf-var/fonts/pk/ljfour/jknappen/ec/ecti1200.600pk> </home/romain/.texm
f-var/fonts/pk/ljfour/jknappen/ec/ectt1000.600pk> </home/romain/.texmf-var/font
s/pk/ljfour/jknappen/ec/ecrm1000.600pk> </home/romain/.texmf-var/fonts/pk/ljfou
r/jknappen/ec/ecrm0800.600pk> </home/romain/.texmf-var/fonts/pk/ljfour/jknappen
/ec/ecbx1728.600pk> </home/romain/.texmf-var/fonts/pk/ljfour/jknappen/ec/ecbx14
40.600pk> </home/romain/.texmf-var/fonts/pk/ljfour/jknappen/ec/ecrm1440.600pk> 
</home/romain/.texmf-var/fonts/pk/ljfour/jknappen/ec/ecbx2074.600pk> </home/rom
ain/.texmf-var/fonts/pk/ljfour/jknappen/ec/ecbx1200.600pk> </home/romain/.texmf
-var/fonts/pk/ljfour/jknappen/ec/ecrm1200.600pk> </home/romain/.texmf-var/fonts
/pk/ljfour/jknappen/ec/eccc1200.600pk></usr/share/texlive/texmf-dist/fonts/type
1/public/amsfonts/cm/cmex10.pfb></usr/share/texlive/texmf-dist/fonts/type1/publ
ic/amsfonts/cm/cmmi10.pfb></usr/share/texlive/texmf-dist/fonts/type1/public/ams
fonts/cm/cmmi12.pfb></usr/share/texlive/texmf-dist/fonts/type1/public/amsfonts/
cm/cmmi6.pfb></usr/share/texlive/texmf-dist/fonts/type1/public/amsfonts/cm/cmmi
7.pfb></usr/share/texlive/texmf-dist/fonts/type1/public/amsfonts/cm/cmmi8.pfb><
/usr/share/texlive/texmf-dist/fonts/type1/public/amsfonts/cm/cmr12.pfb></usr/sh
are/texlive/texmf-dist/fonts/type1/public/amsfonts/cm/cmr8.pfb></usr/share/texl
ive/texmf-dist/fonts/type1/public/amsfonts/cm/cmsy10.pfb></usr/share/texlive/te
xmf-dist/fonts/type1/public/amsfonts/cm/cmsy6.pfb></usr/share/texlive/texmf-dis
t/fonts/type1/public/amsfonts/cm/cmsy8.pfb></usr/share/texlive/texmf-dist/fonts
/type1/public/amsfonts/symbols/msam10.pfb>
Output written on rapport.pdf (37 pages, 761897 bytes).
PDF statistics:
 1286 PDF objects out of 1440 (max. 8388607)
 682 compressed objects within 7 object streams
 128 named destinations out of 1000 (max. 500000)
 473 words of extra memory for PDF output out of 10000 (max. 10000000)

