\BOOKMARK [1][-]{section.1}{1 Cahier des charges}{}% 1
\BOOKMARK [2][-]{subsection.1.1}{1.1 Objectifs}{section.1}% 2
\BOOKMARK [2][-]{subsection.1.2}{1.2 Contexte}{section.1}% 3
\BOOKMARK [2][-]{subsection.1.3}{1.3 M\351thodes}{section.1}% 4
\BOOKMARK [1][-]{section.2}{2 Plan de d\351veloppement}{}% 5
\BOOKMARK [1][-]{section.3}{3 Contexte technologique}{}% 6
\BOOKMARK [2][-]{subsection.3.1}{3.1 Fonctionnement de MPTCP}{section.3}% 7
\BOOKMARK [2][-]{subsection.3.2}{3.2 Utilisation r\351elle de MPTCP}{section.3}% 8
\BOOKMARK [2][-]{subsection.3.3}{3.3 MPTCP et s\351curit\351}{section.3}% 9
\BOOKMARK [1][-]{section.4}{4 Analyse}{}% 10
\BOOKMARK [1][-]{section.5}{5 Conception}{}% 11
\BOOKMARK [2][-]{subsection.5.1}{5.1 Topologies virtualis\351es}{section.5}% 12
\BOOKMARK [3][-]{subsubsection.5.1.1}{5.1.1 Multi-chemins simple}{subsection.5.1}% 13
\BOOKMARK [3][-]{subsubsection.5.1.2}{5.1.2 FatTree}{subsection.5.1}% 14
\BOOKMARK [3][-]{subsubsection.5.1.3}{5.1.3 MPTCP vs TCP}{subsection.5.1}% 15
\BOOKMARK [2][-]{subsection.5.2}{5.2 Performances de MPTCP}{section.5}% 16
\BOOKMARK [2][-]{subsection.5.3}{5.3 Conception algorithme s\351curis\351}{section.5}% 17
\BOOKMARK [2][-]{subsection.5.4}{5.4 Test de l'algorithme d'ordonnancement}{section.5}% 18
\BOOKMARK [1][-]{section.6}{6 \311tat d'avancement}{}% 19
\BOOKMARK [2][-]{subsection.6.1}{6.1 Outil de coordination: git}{section.6}% 20
\BOOKMARK [2][-]{subsection.6.2}{6.2 Compilation MPTC}{section.6}% 21
\BOOKMARK [2][-]{subsection.6.3}{6.3 FatTree}{section.6}% 22
\BOOKMARK [2][-]{subsection.6.4}{6.4 Topologies virtualis\351es}{section.6}% 23
\BOOKMARK [2][-]{subsection.6.5}{6.5 Code MPTCP}{section.6}% 24
\BOOKMARK [1][-]{section.7}{7 Compte rendu du projet}{}% 25
\BOOKMARK [2][-]{subsection.7.1}{7.1 Outil de coordination: git}{section.7}% 26
\BOOKMARK [2][-]{subsection.7.2}{7.2 Compilation MPTC}{section.7}% 27
\BOOKMARK [2][-]{subsection.7.3}{7.3 Topologie}{section.7}% 28
\BOOKMARK [2][-]{subsection.7.4}{7.4 Performance de MPTCP sur mininet}{section.7}% 29
\BOOKMARK [3][-]{subsubsection.7.4.1}{7.4.1 Un exemple de d\351monstration}{subsection.7.4}% 30
\BOOKMARK [3][-]{subsubsection.7.4.2}{7.4.2 Variation du d\351bit maximal par lien}{subsection.7.4}% 31
\BOOKMARK [1][-]{section.8}{8 Annexe1}{}% 32
\BOOKMARK [2][-]{subsection.8.1}{8.1 Utilisation des scripts pythons}{section.8}% 33
\BOOKMARK [3][-]{subsubsection.8.1.1}{8.1.1 Activation MPTCP}{subsection.8.1}% 34
\BOOKMARK [3][-]{subsubsection.8.1.2}{8.1.2 Choix de l'algorithme congestion}{subsection.8.1}% 35
\BOOKMARK [3][-]{subsubsection.8.1.3}{8.1.3 Taille de la fen\352tre}{subsection.8.1}% 36
\BOOKMARK [2][-]{subsection.8.2}{8.2 Lancement scripts python}{section.8}% 37
\BOOKMARK [2][-]{subsection.8.3}{8.3 R\351sum\351 des arguments pour le parseur}{section.8}% 38
\BOOKMARK [2][-]{subsection.8.4}{8.4 arguments mininet}{section.8}% 39
\BOOKMARK [3][-]{subsubsection.8.4.1}{8.4.1 ssh}{subsection.8.4}% 40
\BOOKMARK [2][-]{subsection.8.5}{8.5 Class Mininet}{section.8}% 41
\BOOKMARK [2][-]{subsection.8.6}{8.6 Exp\351riences}{section.8}% 42
