This is pdfTeX, Version 3.1415926-2.4-1.40.13 (TeX Live 2012/Debian) (format=pdflatex 2013.11.19)  10 MAR 2014 21:50
entering extended mode
 restricted \write18 enabled.
 %&-line parsing enabled.
**\input rapport.tex
(./rapport.tex (/usr/share/texlive/texmf-dist/tex/latex/base/article.cls
Document Class: article 2007/10/19 v1.4h Standard LaTeX document class
(/usr/share/texlive/texmf-dist/tex/latex/base/size12.clo
File: size12.clo 2007/10/19 v1.4h Standard LaTeX file (size option)
)
\c@part=\count79
\c@section=\count80
\c@subsection=\count81
\c@subsubsection=\count82
\c@paragraph=\count83
\c@subparagraph=\count84
\c@figure=\count85
\c@table=\count86
\abovecaptionskip=\skip41
\belowcaptionskip=\skip42
\bibindent=\dimen102
)
(/usr/share/texlive/texmf-dist/tex/generic/babel/babel.sty
Package: babel 2008/07/08 v3.8m The Babel package

(/usr/share/texlive/texmf-dist/tex/generic/babel/frenchb.ldf
Language: frenchb 2010/08/21 v2.5a French support from the babel system

(/usr/share/texlive/texmf-dist/tex/generic/babel/babel.def
File: babel.def 2008/07/08 v3.8m Babel common definitions
\babel@savecnt=\count87
\U@D=\dimen103
)

Package babel Warning: No hyphenation patterns were loaded for
(babel)                the language `French'
(babel)                I will use the patterns loaded for \language=0 instead.

\l@french = a dialect from \language0
Package babel Info: Making : an active character on input line 234.
Package babel Info: Making ; an active character on input line 235.
Package babel Info: Making ! an active character on input line 236.
Package babel Info: Making ? an active character on input line 237.
\FB@Mht=\dimen104
\std@mcc=\count88
\dec@mcc=\count89
\parindentFFN=\dimen105
*************************************
* Local config file frenchb.cfg used
*
(/usr/share/texlive/texmf-dist/tex/generic/babel/frenchb.cfg))
(/usr/share/texlive/texmf-dist/tex/generic/babel/english.ldf
Language: english 2005/03/30 v3.3o English support from the babel system
\l@british = a dialect from \language\l@english 
\l@UKenglish = a dialect from \language\l@english 
\l@canadian = a dialect from \language\l@american 
\l@australian = a dialect from \language\l@british 
\l@newzealand = a dialect from \language\l@british 
))
(/usr/share/texlive/texmf-dist/tex/latex/carlisle/scalefnt.sty)
(/usr/share/texlive/texmf-dist/tex/latex/graphics/keyval.sty
Package: keyval 1999/03/16 v1.13 key=value parser (DPC)
\KV@toks@=\toks14
)
(/usr/share/texlive/texmf-dist/tex/latex/fancyhdr/fancyhdr.sty
\fancy@headwidth=\skip43
\f@ncyO@elh=\skip44
\f@ncyO@erh=\skip45
\f@ncyO@olh=\skip46
\f@ncyO@orh=\skip47
\f@ncyO@elf=\skip48
\f@ncyO@erf=\skip49
\f@ncyO@olf=\skip50
\f@ncyO@orf=\skip51
)
(/usr/share/texlive/texmf-dist/tex/latex/base/inputenc.sty
Package: inputenc 2008/03/30 v1.1d Input encoding file
\inpenc@prehook=\toks15
\inpenc@posthook=\toks16

(/usr/share/texlive/texmf-dist/tex/latex/base/latin1.def
File: latin1.def 2008/03/30 v1.1d Input encoding file
))
(/usr/share/texlive/texmf-dist/tex/latex/graphics/epsfig.sty
Package: epsfig 1999/02/16 v1.7a (e)psfig emulation (SPQR)

(/usr/share/texlive/texmf-dist/tex/latex/graphics/graphicx.sty
Package: graphicx 1999/02/16 v1.0f Enhanced LaTeX Graphics (DPC,SPQR)

(/usr/share/texlive/texmf-dist/tex/latex/graphics/graphics.sty
Package: graphics 2009/02/05 v1.0o Standard LaTeX Graphics (DPC,SPQR)

(/usr/share/texlive/texmf-dist/tex/latex/graphics/trig.sty
Package: trig 1999/03/16 v1.09 sin cos tan (DPC)
)
(/usr/share/texlive/texmf-dist/tex/latex/latexconfig/graphics.cfg
File: graphics.cfg 2010/04/23 v1.9 graphics configuration of TeX Live
)
Package graphics Info: Driver file: pdftex.def on input line 91.

(/usr/share/texlive/texmf-dist/tex/latex/pdftex-def/pdftex.def
File: pdftex.def 2011/05/27 v0.06d Graphics/color for pdfTeX

(/usr/share/texlive/texmf-dist/tex/generic/oberdiek/infwarerr.sty
Package: infwarerr 2010/04/08 v1.3 Providing info/warning/error messages (HO)
)
(/usr/share/texlive/texmf-dist/tex/generic/oberdiek/ltxcmds.sty
Package: ltxcmds 2011/11/09 v1.22 LaTeX kernel commands for general use (HO)
)
\Gread@gobject=\count90
))
\Gin@req@height=\dimen106
\Gin@req@width=\dimen107
)
\epsfxsize=\dimen108
\epsfysize=\dimen109
)
(/usr/share/texlive/texmf-dist/tex/latex/tools/calc.sty
Package: calc 2007/08/22 v4.3 Infix arithmetic (KKT,FJ)
\calc@Acount=\count91
\calc@Bcount=\count92
\calc@Adimen=\dimen110
\calc@Bdimen=\dimen111
\calc@Askip=\skip52
\calc@Bskip=\skip53
LaTeX Info: Redefining \setlength on input line 76.
LaTeX Info: Redefining \addtolength on input line 77.
\calc@Ccount=\count93
\calc@Cskip=\skip54
)
(/usr/share/texlive/texmf-dist/tex/latex/url/url.sty
\Urlmuskip=\muskip10
Package: url 2006/04/12  ver 3.3  Verb mode for urls, etc.
)
(/usr/share/texlive/texmf-dist/tex/latex/boxedminipage/boxedminipage.sty)
(/usr/share/texlive/texmf-dist/tex/latex/oberdiek/epstopdf.sty
Package: epstopdf 2010/02/09 v2.5 Conversion with epstopdf on the fly (HO)

(/usr/share/texlive/texmf-dist/tex/latex/oberdiek/epstopdf-base.sty
Package: epstopdf-base 2010/02/09 v2.5 Base part for package epstopdf

(/usr/share/texlive/texmf-dist/tex/latex/oberdiek/grfext.sty
Package: grfext 2010/08/19 v1.1 Manage graphics extensions (HO)

(/usr/share/texlive/texmf-dist/tex/generic/oberdiek/kvdefinekeys.sty
Package: kvdefinekeys 2011/04/07 v1.3 Define keys (HO)
))
(/usr/share/texlive/texmf-dist/tex/latex/oberdiek/kvoptions.sty
Package: kvoptions 2011/06/30 v3.11 Key value format for package options (HO)

(/usr/share/texlive/texmf-dist/tex/generic/oberdiek/kvsetkeys.sty
Package: kvsetkeys 2012/04/25 v1.16 Key value parser (HO)

(/usr/share/texlive/texmf-dist/tex/generic/oberdiek/etexcmds.sty
Package: etexcmds 2011/02/16 v1.5 Avoid name clashes with e-TeX commands (HO)

(/usr/share/texlive/texmf-dist/tex/generic/oberdiek/ifluatex.sty
Package: ifluatex 2010/03/01 v1.3 Provides the ifluatex switch (HO)
Package ifluatex Info: LuaTeX not detected.
)
Package etexcmds Info: Could not find \expanded.
(etexcmds)             That can mean that you are not using pdfTeX 1.50 or
(etexcmds)             that some package has redefined \expanded.
(etexcmds)             In the latter case, load this package earlier.
)))
(/usr/share/texlive/texmf-dist/tex/generic/oberdiek/pdftexcmds.sty
Package: pdftexcmds 2011/11/29 v0.20 Utility functions of pdfTeX for LuaTeX (HO
)

(/usr/share/texlive/texmf-dist/tex/generic/oberdiek/ifpdf.sty
Package: ifpdf 2011/01/30 v2.3 Provides the ifpdf switch (HO)
Package ifpdf Info: pdfTeX in PDF mode is detected.
)
Package pdftexcmds Info: LuaTeX not detected.
Package pdftexcmds Info: \pdf@primitive is available.
Package pdftexcmds Info: \pdf@ifprimitive is available.
Package pdftexcmds Info: \pdfdraftmode found.
)
Package grfext Info: Graphics extension search list:
(grfext)             [.png,.pdf,.jpg,.mps,.jpeg,.jbig2,.jb2,.PNG,.PDF,.JPG,.JPE
G,.JBIG2,.JB2,.eps]
(grfext)             \AppendGraphicsExtensions on input line 452.

(/usr/share/texlive/texmf-dist/tex/latex/latexconfig/epstopdf-sys.cfg
File: epstopdf-sys.cfg 2010/07/13 v1.3 Configuration of (r)epstopdf for TeX Liv
e
)))
(/usr/share/texlive/texmf-dist/tex/latex/tools/enumerate.sty
Package: enumerate 1999/03/05 v3.00 enumerate extensions (DPC)
\@enLab=\toks17
)
(/usr/share/texlive/texmf-dist/tex/latex/cite/cite.sty
LaTeX Info: Redefining \cite on input line 302.
LaTeX Info: Redefining \nocite on input line 373.
Package: cite 2010/09/10  v 5.3
)
(/usr/share/texlive/texmf-dist/tex/latex/csquotes/csquotes.sty
Package: csquotes 2011/10/22 v5.1d context-sensitive quotations

(/usr/share/texlive/texmf-dist/tex/latex/etoolbox/etoolbox.sty
Package: etoolbox 2011/01/03 v2.1 e-TeX tools for LaTeX

(/usr/share/texlive/texmf-dist/tex/latex/etex-pkg/etex.sty
Package: etex 1998/03/26 v2.0 eTeX basic definition package (PEB)
\et@xins=\count94
)
\etb@tempcnta=\count95
)
\csq@reset=\count96
\csq@gtype=\count97
\csq@glevel=\count98
\csq@qlevel=\count99
\csq@maxlvl=\count100
\csq@tshold=\count101
\csq@ltx@everypar=\toks18

(/usr/share/texlive/texmf-dist/tex/latex/csquotes/csquotes.def
File: csquotes.def 2011/10/22 v5.1d csquotes generic definitions
)
Package csquotes Info: Trying to load configuration file 'csquotes.cfg'...
Package csquotes Info: ... configuration file loaded successfully.

(/usr/share/texlive/texmf-dist/tex/latex/csquotes/csquotes.cfg
File: csquotes.cfg 
)
Package csquotes Info: Option 'babel' depreciated.
(csquotes)             Using 'autostyle'.
Package csquotes Info: Enabling multilingual quotes.
)
(/usr/share/texlive/texmf-dist/tex/latex/base/fontenc.sty
Package: fontenc 2005/09/27 v1.99g Standard LaTeX package

(/usr/share/texlive/texmf-dist/tex/latex/base/t1enc.def
File: t1enc.def 2005/09/27 v1.99g Standard LaTeX file
LaTeX Font Info:    Redeclaring font encoding T1 on input line 43.
))
Package csquotes Info: Checking for multilingual support...
Package csquotes Info: ... found 'babel' package.
 (./rapport.aux
(./charges.aux) (./rapport_intermediaire.aux

LaTeX Warning: Label `fig:gantt' multiply defined.


LaTeX Warning: Label `fig:gantt' multiply defined.


LaTeX Warning: Label `subsec:utilisation' multiply defined.


LaTeX Warning: Label `sec:etat-avancement' multiply defined.


LaTeX Warning: Label `sec:etat-avancement' multiply defined.


LaTeX Warning: Label `subsec:etatavanc:mininet-mptcp' multiply defined.

))
\openout1 = `rapport.aux'.

LaTeX Font Info:    Checking defaults for OML/cmm/m/it on input line 116.
LaTeX Font Info:    ... okay on input line 116.
LaTeX Font Info:    Checking defaults for T1/cmr/m/n on input line 116.
LaTeX Font Info:    ... okay on input line 116.
LaTeX Font Info:    Checking defaults for OT1/cmr/m/n on input line 116.
LaTeX Font Info:    ... okay on input line 116.
LaTeX Font Info:    Checking defaults for OMS/cmsy/m/n on input line 116.
LaTeX Font Info:    ... okay on input line 116.
LaTeX Font Info:    Checking defaults for OMX/cmex/m/n on input line 116.
LaTeX Font Info:    ... okay on input line 116.
LaTeX Font Info:    Checking defaults for U/cmr/m/n on input line 116.
LaTeX Font Info:    ... okay on input line 116.
LaTeX Info: Redefining \degres on input line 116.
LaTeX Info: Redefining \dots on input line 116.
LaTeX Info: Redefining \up on input line 116.
 (/usr/share/texlive/texmf-dist/tex/context/base/supp-pdf.mkii
[Loading MPS to PDF converter (version 2006.09.02).]
\scratchcounter=\count102
\scratchdimen=\dimen112
\scratchbox=\box26
\nofMPsegments=\count103
\nofMParguments=\count104
\everyMPshowfont=\toks19
\MPscratchCnt=\count105
\MPscratchDim=\dimen113
\MPnumerator=\count106
\makeMPintoPDFobject=\count107
\everyMPtoPDFconversion=\toks20
)
LaTeX Font Info:    External font `cmex10' loaded for size
(Font)              <12> on input line 145.
LaTeX Font Info:    External font `cmex10' loaded for size
(Font)              <8> on input line 145.
LaTeX Font Info:    External font `cmex10' loaded for size
(Font)              <6> on input line 145.
 (./rapport.toc

Package Fancyhdr Warning: \headheight is too small (56.9055pt): 
 Make it at least 70.65262pt.
 We now make it that large for the rest of the document.
 This may cause the page layout to be inconsistent, however.

Package epstopdf Info: Source file: <UPMC_sorbonne.eps>
(epstopdf)                    date: 2014-03-06 13:52:03
(epstopdf)                    size: 405180 bytes
(epstopdf)             Output file: <UPMC_sorbonne-eps-converted-to.pdf>
(epstopdf)                    date: 2014-03-06 13:52:03
(epstopdf)                    size: 16894 bytes
(epstopdf)             Command: <repstopdf --outfile=UPMC_sorbonne-eps-converte
d-to.pdf UPMC_sorbonne.eps>
(epstopdf)             \includegraphics on input line 21.
Package epstopdf Info: Output file is already uptodate.
<UPMC_sorbonne-eps-converted-to.pdf, id=1, 371.3875pt x 124.465pt>
File: UPMC_sorbonne-eps-converted-to.pdf Graphic file (type pdf)

<use UPMC_sorbonne-eps-converted-to.pdf>
Package pdftex.def Info: UPMC_sorbonne-eps-converted-to.pdf used on input line 
21.
(pdftex.def)             Requested size: 85.35826pt x 28.60545pt.
 [1{/var/lib/texmf/fonts/map/pdftex/updmap/pdftex.map}

 <./UPMC_sorbonne-eps-converted-to.pdf>])
\tf@toc=\write3
\openout3 = `rapport.toc'.



Package Fancyhdr Warning: \headheight is too small (56.9055pt): 
 Make it at least 70.65262pt.
 We now make it that large for the rest of the document.
 This may cause the page layout to be inconsistent, however.

Package epstopdf Info: Source file: <UPMC_sorbonne.eps>
(epstopdf)                    date: 2014-03-06 13:52:03
(epstopdf)                    size: 405180 bytes
(epstopdf)             Output file: <UPMC_sorbonne-eps-converted-to.pdf>
(epstopdf)                    date: 2014-03-06 13:52:03
(epstopdf)                    size: 16894 bytes
(epstopdf)             Command: <repstopdf --outfile=UPMC_sorbonne-eps-converte
d-to.pdf UPMC_sorbonne.eps>
(epstopdf)             \includegraphics on input line 159.
Package epstopdf Info: Output file is already uptodate.
File: UPMC_sorbonne-eps-converted-to.pdf Graphic file (type pdf)
<use UPMC_sorbonne-eps-converted-to.pdf>
Package pdftex.def Info: UPMC_sorbonne-eps-converted-to.pdf used on input line 
159.
(pdftex.def)             Requested size: 85.35826pt x 28.60545pt.
 [2]
\openout2 = `charges.aux'.

 (./charges.tex
LaTeX Font Info:    Try loading font information for OMS+cmr on input line 7.

(/usr/share/texlive/texmf-dist/tex/latex/base/omscmr.fd
File: omscmr.fd 1999/05/25 v2.5h Standard LaTeX font definitions
)
LaTeX Font Info:    Font shape `OMS/cmr/m/n' in size <12> not available
(Font)              Font shape `OMS/cmsy/m/n' tried instead on input line 7.
LaTeX Font Info:    Try loading font information for T1+cmtt on input line 31.

(/usr/share/texlive/texmf-dist/tex/latex/base/t1cmtt.fd
File: t1cmtt.fd 1999/05/25 v2.5h Standard LaTeX font definitions
)
LaTeX Font Info:    External font `cmex10' loaded for size
(Font)              <7> on input line 31.
LaTeX Font Info:    External font `cmex10' loaded for size
(Font)              <5> on input line 31.
)

Package Fancyhdr Warning: \headheight is too small (56.9055pt): 
 Make it at least 70.65262pt.
 We now make it that large for the rest of the document.
 This may cause the page layout to be inconsistent, however.

Package epstopdf Info: Source file: <UPMC_sorbonne.eps>
(epstopdf)                    date: 2014-03-06 13:52:03
(epstopdf)                    size: 405180 bytes
(epstopdf)             Output file: <UPMC_sorbonne-eps-converted-to.pdf>
(epstopdf)                    date: 2014-03-06 13:52:03
(epstopdf)                    size: 16894 bytes
(epstopdf)             Command: <repstopdf --outfile=UPMC_sorbonne-eps-converte
d-to.pdf UPMC_sorbonne.eps>
(epstopdf)             \includegraphics on input line 159.
Package epstopdf Info: Output file is already uptodate.
File: UPMC_sorbonne-eps-converted-to.pdf Graphic file (type pdf)
<use UPMC_sorbonne-eps-converted-to.pdf>
Package pdftex.def Info: UPMC_sorbonne-eps-converted-to.pdf used on input line 
159.
(pdftex.def)             Requested size: 85.35826pt x 28.60545pt.
 [3

]

Package Fancyhdr Warning: \headheight is too small (56.9055pt): 
 Make it at least 70.65262pt.
 We now make it that large for the rest of the document.
 This may cause the page layout to be inconsistent, however.

Package epstopdf Info: Source file: <UPMC_sorbonne.eps>
(epstopdf)                    date: 2014-03-06 13:52:03
(epstopdf)                    size: 405180 bytes
(epstopdf)             Output file: <UPMC_sorbonne-eps-converted-to.pdf>
(epstopdf)                    date: 2014-03-06 13:52:03
(epstopdf)                    size: 16894 bytes
(epstopdf)             Command: <repstopdf --outfile=UPMC_sorbonne-eps-converte
d-to.pdf UPMC_sorbonne.eps>
(epstopdf)             \includegraphics on input line 159.
Package epstopdf Info: Output file is already uptodate.
File: UPMC_sorbonne-eps-converted-to.pdf Graphic file (type pdf)
<use UPMC_sorbonne-eps-converted-to.pdf>
Package pdftex.def Info: UPMC_sorbonne-eps-converted-to.pdf used on input line 
159.
(pdftex.def)             Requested size: 85.35826pt x 28.60545pt.
 [4]
\openout2 = `rapport_intermediaire.aux'.

 (./rapport_intermediaire.tex
(./section/plandev.tex <../gantt/gant.jpg, id=29, 1160.335pt x 276.03125pt>
File: ../gantt/gant.jpg Graphic file (type jpg)

<use ../gantt/gant.jpg>
Package pdftex.def Info: ../gantt/gant.jpg used on input line 28.
(pdftex.def)             Requested size: 546.2915pt x 129.95793pt.

Overfull \hbox (48.36829pt too wide) in paragraph at lines 28--29
 [] 
 []

<../gantt/romain.jpg, id=30, 1544.77126pt x 438.63875pt>
File: ../gantt/romain.jpg Graphic file (type jpg)

<use ../gantt/romain.jpg>
Package pdftex.def Info: ../gantt/romain.jpg used on input line 46.
(pdftex.def)             Requested size: 546.2915pt x 155.1188pt.

Overfull \hbox (48.36829pt too wide) in paragraph at lines 46--47
 [] 
 []

<../gantt/kevin.jpg, id=31, 1692.3225pt x 185.69376pt>
File: ../gantt/kevin.jpg Graphic file (type jpg)

<use ../gantt/kevin.jpg>
Package pdftex.def Info: ../gantt/kevin.jpg used on input line 58.
(pdftex.def)             Requested size: 546.2915pt x 59.94173pt.

Overfull \hbox (48.36829pt too wide) in paragraph at lines 58--59
 [] 
 []

)

Package Fancyhdr Warning: \headheight is too small (56.9055pt): 
 Make it at least 70.65262pt.
 We now make it that large for the rest of the document.
 This may cause the page layout to be inconsistent, however.

Package epstopdf Info: Source file: <UPMC_sorbonne.eps>
(epstopdf)                    date: 2014-03-06 13:52:03
(epstopdf)                    size: 405180 bytes
(epstopdf)             Output file: <UPMC_sorbonne-eps-converted-to.pdf>
(epstopdf)                    date: 2014-03-06 13:52:03
(epstopdf)                    size: 16894 bytes
(epstopdf)             Command: <repstopdf --outfile=UPMC_sorbonne-eps-converte
d-to.pdf UPMC_sorbonne.eps>
(epstopdf)             \includegraphics on input line 6.
Package epstopdf Info: Output file is already uptodate.
File: UPMC_sorbonne-eps-converted-to.pdf Graphic file (type pdf)
<use UPMC_sorbonne-eps-converted-to.pdf>
Package pdftex.def Info: UPMC_sorbonne-eps-converted-to.pdf used on input line 
6.
(pdftex.def)             Requested size: 85.35826pt x 28.60545pt.
 [5


 <../gantt/gant.jpg>]

Package Fancyhdr Warning: \headheight is too small (56.9055pt): 
 Make it at least 70.65262pt.
 We now make it that large for the rest of the document.
 This may cause the page layout to be inconsistent, however.

Package epstopdf Info: Source file: <UPMC_sorbonne.eps>
(epstopdf)                    date: 2014-03-06 13:52:03
(epstopdf)                    size: 405180 bytes
(epstopdf)             Output file: <UPMC_sorbonne-eps-converted-to.pdf>
(epstopdf)                    date: 2014-03-06 13:52:03
(epstopdf)                    size: 16894 bytes
(epstopdf)             Command: <repstopdf --outfile=UPMC_sorbonne-eps-converte
d-to.pdf UPMC_sorbonne.eps>
(epstopdf)             \includegraphics on input line 6.
Package epstopdf Info: Output file is already uptodate.
File: UPMC_sorbonne-eps-converted-to.pdf Graphic file (type pdf)
<use UPMC_sorbonne-eps-converted-to.pdf>
Package pdftex.def Info: UPMC_sorbonne-eps-converted-to.pdf used on input line 
6.
(pdftex.def)             Requested size: 85.35826pt x 28.60545pt.
 [6 <../gantt/romain.jpg> <../gantt/kevin.jpg>] (./section/contexte-techno.tex

Package Fancyhdr Warning: \headheight is too small (56.9055pt): 
 Make it at least 70.65262pt.
 We now make it that large for the rest of the document.
 This may cause the page layout to be inconsistent, however.

Package epstopdf Info: Source file: <UPMC_sorbonne.eps>
(epstopdf)                    date: 2014-03-06 13:52:03
(epstopdf)                    size: 405180 bytes
(epstopdf)             Output file: <UPMC_sorbonne-eps-converted-to.pdf>
(epstopdf)                    date: 2014-03-06 13:52:03
(epstopdf)                    size: 16894 bytes
(epstopdf)             Command: <repstopdf --outfile=UPMC_sorbonne-eps-converte
d-to.pdf UPMC_sorbonne.eps>
(epstopdf)             \includegraphics on input line 62.
Package epstopdf Info: Output file is already uptodate.
File: UPMC_sorbonne-eps-converted-to.pdf Graphic file (type pdf)
<use UPMC_sorbonne-eps-converted-to.pdf>
Package pdftex.def Info: UPMC_sorbonne-eps-converted-to.pdf used on input line 
62.
(pdftex.def)             Requested size: 85.35826pt x 28.60545pt.
 [7

]

Package Fancyhdr Warning: \headheight is too small (56.9055pt): 
 Make it at least 70.65262pt.
 We now make it that large for the rest of the document.
 This may cause the page layout to be inconsistent, however.

Package epstopdf Info: Source file: <UPMC_sorbonne.eps>
(epstopdf)                    date: 2014-03-06 13:52:03
(epstopdf)                    size: 405180 bytes
(epstopdf)             Output file: <UPMC_sorbonne-eps-converted-to.pdf>
(epstopdf)                    date: 2014-03-06 13:52:03
(epstopdf)                    size: 16894 bytes
(epstopdf)             Command: <repstopdf --outfile=UPMC_sorbonne-eps-converte
d-to.pdf UPMC_sorbonne.eps>
(epstopdf)             \includegraphics on input line 131.
Package epstopdf Info: Output file is already uptodate.
File: UPMC_sorbonne-eps-converted-to.pdf Graphic file (type pdf)
<use UPMC_sorbonne-eps-converted-to.pdf>
Package pdftex.def Info: UPMC_sorbonne-eps-converted-to.pdf used on input line 
131.
(pdftex.def)             Requested size: 85.35826pt x 28.60545pt.
 [8]) (./section/conception.tex

Package Fancyhdr Warning: \headheight is too small (56.9055pt): 
 Make it at least 70.65262pt.
 We now make it that large for the rest of the document.
 This may cause the page layout to be inconsistent, however.

Package epstopdf Info: Source file: <UPMC_sorbonne.eps>
(epstopdf)                    date: 2014-03-06 13:52:03
(epstopdf)                    size: 405180 bytes
(epstopdf)             Output file: <UPMC_sorbonne-eps-converted-to.pdf>
(epstopdf)                    date: 2014-03-06 13:52:03
(epstopdf)                    size: 16894 bytes
(epstopdf)             Command: <repstopdf --outfile=UPMC_sorbonne-eps-converte
d-to.pdf UPMC_sorbonne.eps>
(epstopdf)             \includegraphics on input line 12.
Package epstopdf Info: Output file is already uptodate.
File: UPMC_sorbonne-eps-converted-to.pdf Graphic file (type pdf)
<use UPMC_sorbonne-eps-converted-to.pdf>
Package pdftex.def Info: UPMC_sorbonne-eps-converted-to.pdf used on input line 
12.
(pdftex.def)             Requested size: 85.35826pt x 28.60545pt.
 [9]
<../figures/khalili.jpg, id=49, 234.1548pt x 108.94702pt>
File: ../figures/khalili.jpg Graphic file (type jpg)

<use ../figures/khalili.jpg>
Package pdftex.def Info: ../figures/khalili.jpg used on input line 52.
(pdftex.def)             Requested size: 273.14922pt x 127.10507pt.

<../figures/khaliliB.jpg, id=50, 142.55258pt x 111.11513pt>
File: ../figures/khaliliB.jpg Graphic file (type jpg)

<use ../figures/khaliliB.jpg>
Package pdftex.def Info: ../figures/khaliliB.jpg used on input line 70.
(pdftex.def)             Requested size: 182.09485pt x 141.942pt.


Package Fancyhdr Warning: \headheight is too small (56.9055pt): 
 Make it at least 70.65262pt.
 We now make it that large for the rest of the document.
 This may cause the page layout to be inconsistent, however.

Package epstopdf Info: Source file: <UPMC_sorbonne.eps>
(epstopdf)                    date: 2014-03-06 13:52:03
(epstopdf)                    size: 405180 bytes
(epstopdf)             Output file: <UPMC_sorbonne-eps-converted-to.pdf>
(epstopdf)                    date: 2014-03-06 13:52:03
(epstopdf)                    size: 16894 bytes
(epstopdf)             Command: <repstopdf --outfile=UPMC_sorbonne-eps-converte
d-to.pdf UPMC_sorbonne.eps>
(epstopdf)             \includegraphics on input line 87.
Package epstopdf Info: Output file is already uptodate.
File: UPMC_sorbonne-eps-converted-to.pdf Graphic file (type pdf)
<use UPMC_sorbonne-eps-converted-to.pdf>
Package pdftex.def Info: UPMC_sorbonne-eps-converted-to.pdf used on input line 
87.
(pdftex.def)             Requested size: 85.35826pt x 28.60545pt.
 [10]

Package Fancyhdr Warning: \headheight is too small (56.9055pt): 
 Make it at least 70.65262pt.
 We now make it that large for the rest of the document.
 This may cause the page layout to be inconsistent, however.

Package epstopdf Info: Source file: <UPMC_sorbonne.eps>
(epstopdf)                    date: 2014-03-06 13:52:03
(epstopdf)                    size: 405180 bytes
(epstopdf)             Output file: <UPMC_sorbonne-eps-converted-to.pdf>
(epstopdf)                    date: 2014-03-06 13:52:03
(epstopdf)                    size: 16894 bytes
(epstopdf)             Command: <repstopdf --outfile=UPMC_sorbonne-eps-converte
d-to.pdf UPMC_sorbonne.eps>
(epstopdf)             \includegraphics on input line 108.
Package epstopdf Info: Output file is already uptodate.
File: UPMC_sorbonne-eps-converted-to.pdf Graphic file (type pdf)
<use UPMC_sorbonne-eps-converted-to.pdf>
Package pdftex.def Info: UPMC_sorbonne-eps-converted-to.pdf used on input line 
108.
(pdftex.def)             Requested size: 85.35826pt x 28.60545pt.
 [11 <../figures/khalili.jpg> <../figures/khaliliB.jpg>])

Package Fancyhdr Warning: \headheight is too small (56.9055pt): 
 Make it at least 70.65262pt.
 We now make it that large for the rest of the document.
 This may cause the page layout to be inconsistent, however.

Package epstopdf Info: Source file: <UPMC_sorbonne.eps>
(epstopdf)                    date: 2014-03-06 13:52:03
(epstopdf)                    size: 405180 bytes
(epstopdf)             Output file: <UPMC_sorbonne-eps-converted-to.pdf>
(epstopdf)                    date: 2014-03-06 13:52:03
(epstopdf)                    size: 16894 bytes
(epstopdf)             Command: <repstopdf --outfile=UPMC_sorbonne-eps-converte
d-to.pdf UPMC_sorbonne.eps>
(epstopdf)             \includegraphics on input line 20.
Package epstopdf Info: Output file is already uptodate.
File: UPMC_sorbonne-eps-converted-to.pdf Graphic file (type pdf)
<use UPMC_sorbonne-eps-converted-to.pdf>
Package pdftex.def Info: UPMC_sorbonne-eps-converted-to.pdf used on input line 
20.
(pdftex.def)             Requested size: 85.35826pt x 28.60545pt.
 [12] (./section/etat_avancement.tex
LaTeX Font Info:    External font `cmex10' loaded for size
(Font)              <14.4> on input line 7.
))

Package Fancyhdr Warning: \headheight is too small (56.9055pt): 
 Make it at least 70.65262pt.
 We now make it that large for the rest of the document.
 This may cause the page layout to be inconsistent, however.

Package epstopdf Info: Source file: <UPMC_sorbonne.eps>
(epstopdf)                    date: 2014-03-06 13:52:03
(epstopdf)                    size: 405180 bytes
(epstopdf)             Output file: <UPMC_sorbonne-eps-converted-to.pdf>
(epstopdf)                    date: 2014-03-06 13:52:03
(epstopdf)                    size: 16894 bytes
(epstopdf)             Command: <repstopdf --outfile=UPMC_sorbonne-eps-converte
d-to.pdf UPMC_sorbonne.eps>
(epstopdf)             \includegraphics on input line 161.
Package epstopdf Info: Output file is already uptodate.
File: UPMC_sorbonne-eps-converted-to.pdf Graphic file (type pdf)
<use UPMC_sorbonne-eps-converted-to.pdf>
Package pdftex.def Info: UPMC_sorbonne-eps-converted-to.pdf used on input line 
161.
(pdftex.def)             Requested size: 85.35826pt x 28.60545pt.
 [13

]

Package Fancyhdr Warning: \headheight is too small (56.9055pt): 
 Make it at least 70.65262pt.
 We now make it that large for the rest of the document.
 This may cause the page layout to be inconsistent, however.

Package epstopdf Info: Source file: <UPMC_sorbonne.eps>
(epstopdf)                    date: 2014-03-06 13:52:03
(epstopdf)                    size: 405180 bytes
(epstopdf)             Output file: <UPMC_sorbonne-eps-converted-to.pdf>
(epstopdf)                    date: 2014-03-06 13:52:03
(epstopdf)                    size: 16894 bytes
(epstopdf)             Command: <repstopdf --outfile=UPMC_sorbonne-eps-converte
d-to.pdf UPMC_sorbonne.eps>
(epstopdf)             \includegraphics on input line 161.
Package epstopdf Info: Output file is already uptodate.
File: UPMC_sorbonne-eps-converted-to.pdf Graphic file (type pdf)
<use UPMC_sorbonne-eps-converted-to.pdf>
Package pdftex.def Info: UPMC_sorbonne-eps-converted-to.pdf used on input line 
161.
(pdftex.def)             Requested size: 85.35826pt x 28.60545pt.
 [14] (./rapport.bbl)

Package Fancyhdr Warning: \headheight is too small (56.9055pt): 
 Make it at least 70.65262pt.
 We now make it that large for the rest of the document.
 This may cause the page layout to be inconsistent, however.

Package epstopdf Info: Source file: <UPMC_sorbonne.eps>
(epstopdf)                    date: 2014-03-06 13:52:03
(epstopdf)                    size: 405180 bytes
(epstopdf)             Output file: <UPMC_sorbonne-eps-converted-to.pdf>
(epstopdf)                    date: 2014-03-06 13:52:03
(epstopdf)                    size: 16894 bytes
(epstopdf)             Command: <repstopdf --outfile=UPMC_sorbonne-eps-converte
d-to.pdf UPMC_sorbonne.eps>
(epstopdf)             \includegraphics on input line 169.
Package epstopdf Info: Output file is already uptodate.
File: UPMC_sorbonne-eps-converted-to.pdf Graphic file (type pdf)
<use UPMC_sorbonne-eps-converted-to.pdf>
Package pdftex.def Info: UPMC_sorbonne-eps-converted-to.pdf used on input line 
169.
(pdftex.def)             Requested size: 85.35826pt x 28.60545pt.
 [15

] (./rapport.aux (./charges.aux)
(./rapport_intermediaire.aux))

LaTeX Warning: There were multiply-defined labels.

 ) 
Here is how much of TeX's memory you used:
 3938 strings out of 495059
 54776 string characters out of 3182029
 126376 words of memory out of 3000000
 7000 multiletter control sequences out of 15000+200000
 16979 words of font info for 40 fonts, out of 3000000 for 9000
 14 hyphenation exceptions out of 8191
 42i,13n,43p,827b,421s stack positions out of 5000i,500n,10000p,200000b,50000s
 </home/romain/.texmf-var/fonts/pk/ljfour/jknappen/ec/ectt1200.600pk> </home/
romain/.texmf-var/fonts/pk/ljfour/jknappen/ec/ecti1200.600pk> </home/romain/.te
xmf-var/fonts/pk/ljfour/jknappen/ec/ectt1000.600pk> </home/romain/.texmf-var/fo
nts/pk/ljfour/jknappen/ec/ecrm1000.600pk> </home/romain/.texmf-var/fonts/pk/ljf
our/jknappen/ec/ecrm0800.600pk> </home/romain/.texmf-var/fonts/pk/ljfour/jknapp
en/ec/ecbx1728.600pk> </home/romain/.texmf-var/fonts/pk/ljfour/jknappen/ec/ecbx
1440.600pk> </home/romain/.texmf-var/fonts/pk/ljfour/jknappen/ec/ecrm1440.600pk
> </home/romain/.texmf-var/fonts/pk/ljfour/jknappen/ec/ecbx2074.600pk> </home/r
omain/.texmf-var/fonts/pk/ljfour/jknappen/ec/ecbx1200.600pk> </home/romain/.tex
mf-var/fonts/pk/ljfour/jknappen/ec/ecrm1200.600pk> </home/romain/.texmf-var/fon
ts/pk/ljfour/jknappen/ec/eccc1200.600pk></usr/share/texlive/texmf-dist/fonts/ty
pe1/public/amsfonts/cm/cmsy10.pfb>
Output written on rapport.pdf (15 pages, 590915 bytes).
PDF statistics:
 528 PDF objects out of 1000 (max. 8388607)
 88 compressed objects within 1 object stream
 0 named destinations out of 1000 (max. 500000)
 31 words of extra memory for PDF output out of 10000 (max. 10000000)

